nohup: ignoring input
[[1;34mINFO[m] Scanning for projects...
[[1;34mINFO[m] 
[[1;34mINFO[m] [1m---------------------< [0;36mcom.nishana:restaurantpos[0;1m >----------------------[m
[[1;34mINFO[m] [1mBuilding restaurantpos 0.0.1-SNAPSHOT[m
[[1;34mINFO[m] [1m--------------------------------[ jar ]---------------------------------[m
[[1;34mINFO[m] 
[[1;34mINFO[m] [1m>>> [0;32mspring-boot-maven-plugin:3.2.5:run[m [1m(default-cli)[0;1m > [0;1mtest-compile[m @ [36mrestaurantpos[0;1m >>>[m
[[1;34mINFO[m] 
[[1;34mINFO[m] [1m--- [0;32mmaven-resources-plugin:3.3.1:resources[m [1m(default-resources)[m @ [36mrestaurantpos[0;1m ---[m
[[1;34mINFO[m] Copying 3 resources from src/main/resources to target/classes
[[1;34mINFO[m] Copying 0 resource from src/main/resources to target/classes
[[1;34mINFO[m] 
[[1;34mINFO[m] [1m--- [0;32mmaven-compiler-plugin:3.11.0:compile[m [1m(default-compile)[m @ [36mrestaurantpos[0;1m ---[m
[[1;34mINFO[m] Nothing to compile - all classes are up to date
[[1;34mINFO[m] 
[[1;34mINFO[m] [1m--- [0;32mmaven-resources-plugin:3.3.1:testResources[m [1m(default-testResources)[m @ [36mrestaurantpos[0;1m ---[m
[[1;34mINFO[m] skip non existing resourceDirectory /home/jitu/projects/restaurantpos/src/test/resources
[[1;34mINFO[m] 
[[1;34mINFO[m] [1m--- [0;32mmaven-compiler-plugin:3.11.0:testCompile[m [1m(default-testCompile)[m @ [36mrestaurantpos[0;1m ---[m
[[1;34mINFO[m] Nothing to compile - all classes are up to date
[[1;34mINFO[m] 
[[1;34mINFO[m] [1m<<< [0;32mspring-boot-maven-plugin:3.2.5:run[m [1m(default-cli)[0;1m < [0;1mtest-compile[m @ [36mrestaurantpos[0;1m <<<[m
[[1;34mINFO[m] 
[[1;34mINFO[m] 
[[1;34mINFO[m] [1m--- [0;32mspring-boot-maven-plugin:3.2.5:run[m [1m(default-cli)[m @ [36mrestaurantpos[0;1m ---[m
[[1;34mINFO[m] Attaching agents: []

  .   ____          _            __ _ _
 /\\ / ___'_ __ _ _(_)_ __  __ _ \ \ \ \
( ( )\___ | '_ | '_| | '_ \/ _` | \ \ \ \
 \\/  ___)| |_)| | | | | || (_| |  ) ) ) )
  '  |____| .__|_| |_|_| |_\__, | / / / /
 =========|_|==============|___/=/_/_/_/
[32m :: Spring Boot :: [39m              [2m (v3.2.5)[0;39m

[2m2024-07-15T08:23:12.407Z[0;39m [32m INFO[0;39m [35m314473[0;39m [2m---[0;39m [2m[restaurantpos] [           main][0;39m [2m[0;39m[36mc.n.r.RestaurantsApplication            [0;39m [2m:[0;39m Starting RestaurantsApplication using Java 22.0.1 with PID 314473 (/home/jitu/projects/restaurantpos/target/classes started by root in /home/jitu/projects/restaurantpos)
[2m2024-07-15T08:23:12.417Z[0;39m [32m INFO[0;39m [35m314473[0;39m [2m---[0;39m [2m[restaurantpos] [           main][0;39m [2m[0;39m[36mc.n.r.RestaurantsApplication            [0;39m [2m:[0;39m The following 1 profile is active: "prod"
[2m2024-07-15T08:23:13.405Z[0;39m [32m INFO[0;39m [35m314473[0;39m [2m---[0;39m [2m[restaurantpos] [           main][0;39m [2m[0;39m[36m.s.d.r.c.RepositoryConfigurationDelegate[0;39m [2m:[0;39m Bootstrapping Spring Data JPA repositories in DEFAULT mode.
[2m2024-07-15T08:23:13.459Z[0;39m [32m INFO[0;39m [35m314473[0;39m [2m---[0;39m [2m[restaurantpos] [           main][0;39m [2m[0;39m[36m.s.d.r.c.RepositoryConfigurationDelegate[0;39m [2m:[0;39m Finished Spring Data repository scanning in 48 ms. Found 4 JPA repository interfaces.
[2m2024-07-15T08:23:13.940Z[0;39m [32m INFO[0;39m [35m314473[0;39m [2m---[0;39m [2m[restaurantpos] [           main][0;39m [2m[0;39m[36mo.s.b.w.embedded.tomcat.TomcatWebServer [0;39m [2m:[0;39m Tomcat initialized with port 8081 (http)
[2m2024-07-15T08:23:13.952Z[0;39m [32m INFO[0;39m [35m314473[0;39m [2m---[0;39m [2m[restaurantpos] [           main][0;39m [2m[0;39m[36mo.apache.catalina.core.StandardService  [0;39m [2m:[0;39m Starting service [Tomcat]
[2m2024-07-15T08:23:13.953Z[0;39m [32m INFO[0;39m [35m314473[0;39m [2m---[0;39m [2m[restaurantpos] [           main][0;39m [2m[0;39m[36mo.apache.catalina.core.StandardEngine   [0;39m [2m:[0;39m Starting Servlet engine: [Apache Tomcat/10.1.20]
[2m2024-07-15T08:23:14.112Z[0;39m [32m INFO[0;39m [35m314473[0;39m [2m---[0;39m [2m[restaurantpos] [           main][0;39m [2m[0;39m[36mo.a.c.c.C.[Tomcat].[localhost].[/]      [0;39m [2m:[0;39m Initializing Spring embedded WebApplicationContext
[2m2024-07-15T08:23:14.113Z[0;39m [32m INFO[0;39m [35m314473[0;39m [2m---[0;39m [2m[restaurantpos] [           main][0;39m [2m[0;39m[36mw.s.c.ServletWebServerApplicationContext[0;39m [2m:[0;39m Root WebApplicationContext: initialization completed in 1654 ms
[2m2024-07-15T08:23:14.311Z[0;39m [32mDEBUG[0;39m [35m314473[0;39m [2m---[0;39m [2m[restaurantpos] [           main][0;39m [2m[0;39m[36mcom.zaxxer.hikari.HikariConfig          [0;39m [2m:[0;39m Driver class com.mysql.cj.jdbc.Driver found in Thread context class loader jdk.internal.loader.ClassLoaders$AppClassLoader@32a1bec0
[2m2024-07-15T08:23:14.378Z[0;39m [32m INFO[0;39m [35m314473[0;39m [2m---[0;39m [2m[restaurantpos] [           main][0;39m [2m[0;39m[36mo.hibernate.jpa.internal.util.LogHelper [0;39m [2m:[0;39m HHH000204: Processing PersistenceUnitInfo [name: default]
[2m2024-07-15T08:23:14.410Z[0;39m [32m INFO[0;39m [35m314473[0;39m [2m---[0;39m [2m[restaurantpos] [           main][0;39m [2m[0;39m[36morg.hibernate.Version                   [0;39m [2m:[0;39m HHH000412: Hibernate ORM core version 6.4.4.Final
[2m2024-07-15T08:23:14.435Z[0;39m [32m INFO[0;39m [35m314473[0;39m [2m---[0;39m [2m[restaurantpos] [           main][0;39m [2m[0;39m[36mo.h.c.internal.RegionFactoryInitiator   [0;39m [2m:[0;39m HHH000026: Second-level cache disabled
[2m2024-07-15T08:23:14.602Z[0;39m [32m INFO[0;39m [35m314473[0;39m [2m---[0;39m [2m[restaurantpos] [           main][0;39m [2m[0;39m[36mo.s.o.j.p.SpringPersistenceUnitInfo     [0;39m [2m:[0;39m No LoadTimeWeaver setup: ignoring JPA class transformer
[2m2024-07-15T08:23:14.617Z[0;39m [32mDEBUG[0;39m [35m314473[0;39m [2m---[0;39m [2m[restaurantpos] [           main][0;39m [2m[0;39m[36mcom.zaxxer.hikari.HikariConfig          [0;39m [2m:[0;39m HikariPool-1 - configuration:
[2m2024-07-15T08:23:14.626Z[0;39m [32mDEBUG[0;39m [35m314473[0;39m [2m---[0;39m [2m[restaurantpos] [           main][0;39m [2m[0;39m[36mcom.zaxxer.hikari.HikariConfig          [0;39m [2m:[0;39m allowPoolSuspension.............false
[2m2024-07-15T08:23:14.626Z[0;39m [32mDEBUG[0;39m [35m314473[0;39m [2m---[0;39m [2m[restaurantpos] [           main][0;39m [2m[0;39m[36mcom.zaxxer.hikari.HikariConfig          [0;39m [2m:[0;39m autoCommit......................true
[2m2024-07-15T08:23:14.627Z[0;39m [32mDEBUG[0;39m [35m314473[0;39m [2m---[0;39m [2m[restaurantpos] [           main][0;39m [2m[0;39m[36mcom.zaxxer.hikari.HikariConfig          [0;39m [2m:[0;39m catalog.........................none
[2m2024-07-15T08:23:14.627Z[0;39m [32mDEBUG[0;39m [35m314473[0;39m [2m---[0;39m [2m[restaurantpos] [           main][0;39m [2m[0;39m[36mcom.zaxxer.hikari.HikariConfig          [0;39m [2m:[0;39m connectionInitSql...............none
[2m2024-07-15T08:23:14.627Z[0;39m [32mDEBUG[0;39m [35m314473[0;39m [2m---[0;39m [2m[restaurantpos] [           main][0;39m [2m[0;39m[36mcom.zaxxer.hikari.HikariConfig          [0;39m [2m:[0;39m connectionTestQuery.............none
[2m2024-07-15T08:23:14.628Z[0;39m [32mDEBUG[0;39m [35m314473[0;39m [2m---[0;39m [2m[restaurantpos] [           main][0;39m [2m[0;39m[36mcom.zaxxer.hikari.HikariConfig          [0;39m [2m:[0;39m connectionTimeout...............30000
[2m2024-07-15T08:23:14.628Z[0;39m [32mDEBUG[0;39m [35m314473[0;39m [2m---[0;39m [2m[restaurantpos] [           main][0;39m [2m[0;39m[36mcom.zaxxer.hikari.HikariConfig          [0;39m [2m:[0;39m dataSource......................none
[2m2024-07-15T08:23:14.629Z[0;39m [32mDEBUG[0;39m [35m314473[0;39m [2m---[0;39m [2m[restaurantpos] [           main][0;39m [2m[0;39m[36mcom.zaxxer.hikari.HikariConfig          [0;39m [2m:[0;39m dataSourceClassName.............none
[2m2024-07-15T08:23:14.629Z[0;39m [32mDEBUG[0;39m [35m314473[0;39m [2m---[0;39m [2m[restaurantpos] [           main][0;39m [2m[0;39m[36mcom.zaxxer.hikari.HikariConfig          [0;39m [2m:[0;39m dataSourceJNDI..................none
[2m2024-07-15T08:23:14.629Z[0;39m [32mDEBUG[0;39m [35m314473[0;39m [2m---[0;39m [2m[restaurantpos] [           main][0;39m [2m[0;39m[36mcom.zaxxer.hikari.HikariConfig          [0;39m [2m:[0;39m dataSourceProperties............{password=<masked>}
[2m2024-07-15T08:23:14.630Z[0;39m [32mDEBUG[0;39m [35m314473[0;39m [2m---[0;39m [2m[restaurantpos] [           main][0;39m [2m[0;39m[36mcom.zaxxer.hikari.HikariConfig          [0;39m [2m:[0;39m driverClassName................."com.mysql.cj.jdbc.Driver"
[2m2024-07-15T08:23:14.630Z[0;39m [32mDEBUG[0;39m [35m314473[0;39m [2m---[0;39m [2m[restaurantpos] [           main][0;39m [2m[0;39m[36mcom.zaxxer.hikari.HikariConfig          [0;39m [2m:[0;39m exceptionOverrideClassName......none
[2m2024-07-15T08:23:14.630Z[0;39m [32mDEBUG[0;39m [35m314473[0;39m [2m---[0;39m [2m[restaurantpos] [           main][0;39m [2m[0;39m[36mcom.zaxxer.hikari.HikariConfig          [0;39m [2m:[0;39m healthCheckProperties...........{}
[2m2024-07-15T08:23:14.630Z[0;39m [32mDEBUG[0;39m [35m314473[0;39m [2m---[0;39m [2m[restaurantpos] [           main][0;39m [2m[0;39m[36mcom.zaxxer.hikari.HikariConfig          [0;39m [2m:[0;39m healthCheckRegistry.............none
[2m2024-07-15T08:23:14.630Z[0;39m [32mDEBUG[0;39m [35m314473[0;39m [2m---[0;39m [2m[restaurantpos] [           main][0;39m [2m[0;39m[36mcom.zaxxer.hikari.HikariConfig          [0;39m [2m:[0;39m idleTimeout.....................600000
[2m2024-07-15T08:23:14.631Z[0;39m [32mDEBUG[0;39m [35m314473[0;39m [2m---[0;39m [2m[restaurantpos] [           main][0;39m [2m[0;39m[36mcom.zaxxer.hikari.HikariConfig          [0;39m [2m:[0;39m initializationFailTimeout.......1
[2m2024-07-15T08:23:14.631Z[0;39m [32mDEBUG[0;39m [35m314473[0;39m [2m---[0;39m [2m[restaurantpos] [           main][0;39m [2m[0;39m[36mcom.zaxxer.hikari.HikariConfig          [0;39m [2m:[0;39m isolateInternalQueries..........false
[2m2024-07-15T08:23:14.633Z[0;39m [32mDEBUG[0;39m [35m314473[0;39m [2m---[0;39m [2m[restaurantpos] [           main][0;39m [2m[0;39m[36mcom.zaxxer.hikari.HikariConfig          [0;39m [2m:[0;39m jdbcUrl.........................jdbc:mysql://localhost:3306/restaurantpos
[2m2024-07-15T08:23:14.633Z[0;39m [32mDEBUG[0;39m [35m314473[0;39m [2m---[0;39m [2m[restaurantpos] [           main][0;39m [2m[0;39m[36mcom.zaxxer.hikari.HikariConfig          [0;39m [2m:[0;39m keepaliveTime...................0
[2m2024-07-15T08:23:14.633Z[0;39m [32mDEBUG[0;39m [35m314473[0;39m [2m---[0;39m [2m[restaurantpos] [           main][0;39m [2m[0;39m[36mcom.zaxxer.hikari.HikariConfig          [0;39m [2m:[0;39m leakDetectionThreshold..........0
[2m2024-07-15T08:23:14.634Z[0;39m [32mDEBUG[0;39m [35m314473[0;39m [2m---[0;39m [2m[restaurantpos] [           main][0;39m [2m[0;39m[36mcom.zaxxer.hikari.HikariConfig          [0;39m [2m:[0;39m maxLifetime.....................1800000
[2m2024-07-15T08:23:14.634Z[0;39m [32mDEBUG[0;39m [35m314473[0;39m [2m---[0;39m [2m[restaurantpos] [           main][0;39m [2m[0;39m[36mcom.zaxxer.hikari.HikariConfig          [0;39m [2m:[0;39m maximumPoolSize.................10
[2m2024-07-15T08:23:14.635Z[0;39m [32mDEBUG[0;39m [35m314473[0;39m [2m---[0;39m [2m[restaurantpos] [           main][0;39m [2m[0;39m[36mcom.zaxxer.hikari.HikariConfig          [0;39m [2m:[0;39m metricRegistry..................none
[2m2024-07-15T08:23:14.635Z[0;39m [32mDEBUG[0;39m [35m314473[0;39m [2m---[0;39m [2m[restaurantpos] [           main][0;39m [2m[0;39m[36mcom.zaxxer.hikari.HikariConfig          [0;39m [2m:[0;39m metricsTrackerFactory...........none
[2m2024-07-15T08:23:14.635Z[0;39m [32mDEBUG[0;39m [35m314473[0;39m [2m---[0;39m [2m[restaurantpos] [           main][0;39m [2m[0;39m[36mcom.zaxxer.hikari.HikariConfig          [0;39m [2m:[0;39m minimumIdle.....................10
[2m2024-07-15T08:23:14.635Z[0;39m [32mDEBUG[0;39m [35m314473[0;39m [2m---[0;39m [2m[restaurantpos] [           main][0;39m [2m[0;39m[36mcom.zaxxer.hikari.HikariConfig          [0;39m [2m:[0;39m password........................<masked>
[2m2024-07-15T08:23:14.636Z[0;39m [32mDEBUG[0;39m [35m314473[0;39m [2m---[0;39m [2m[restaurantpos] [           main][0;39m [2m[0;39m[36mcom.zaxxer.hikari.HikariConfig          [0;39m [2m:[0;39m poolName........................"HikariPool-1"
[2m2024-07-15T08:23:14.636Z[0;39m [32mDEBUG[0;39m [35m314473[0;39m [2m---[0;39m [2m[restaurantpos] [           main][0;39m [2m[0;39m[36mcom.zaxxer.hikari.HikariConfig          [0;39m [2m:[0;39m readOnly........................false
[2m2024-07-15T08:23:14.636Z[0;39m [32mDEBUG[0;39m [35m314473[0;39m [2m---[0;39m [2m[restaurantpos] [           main][0;39m [2m[0;39m[36mcom.zaxxer.hikari.HikariConfig          [0;39m [2m:[0;39m registerMbeans..................false
[2m2024-07-15T08:23:14.636Z[0;39m [32mDEBUG[0;39m [35m314473[0;39m [2m---[0;39m [2m[restaurantpos] [           main][0;39m [2m[0;39m[36mcom.zaxxer.hikari.HikariConfig          [0;39m [2m:[0;39m scheduledExecutor...............none
[2m2024-07-15T08:23:14.636Z[0;39m [32mDEBUG[0;39m [35m314473[0;39m [2m---[0;39m [2m[restaurantpos] [           main][0;39m [2m[0;39m[36mcom.zaxxer.hikari.HikariConfig          [0;39m [2m:[0;39m schema..........................none
[2m2024-07-15T08:23:14.637Z[0;39m [32mDEBUG[0;39m [35m314473[0;39m [2m---[0;39m [2m[restaurantpos] [           main][0;39m [2m[0;39m[36mcom.zaxxer.hikari.HikariConfig          [0;39m [2m:[0;39m threadFactory...................internal
[2m2024-07-15T08:23:14.637Z[0;39m [32mDEBUG[0;39m [35m314473[0;39m [2m---[0;39m [2m[restaurantpos] [           main][0;39m [2m[0;39m[36mcom.zaxxer.hikari.HikariConfig          [0;39m [2m:[0;39m transactionIsolation............default
[2m2024-07-15T08:23:14.638Z[0;39m [32mDEBUG[0;39m [35m314473[0;39m [2m---[0;39m [2m[restaurantpos] [           main][0;39m [2m[0;39m[36mcom.zaxxer.hikari.HikariConfig          [0;39m [2m:[0;39m username........................"root"
[2m2024-07-15T08:23:14.638Z[0;39m [32mDEBUG[0;39m [35m314473[0;39m [2m---[0;39m [2m[restaurantpos] [           main][0;39m [2m[0;39m[36mcom.zaxxer.hikari.HikariConfig          [0;39m [2m:[0;39m validationTimeout...............5000
[2m2024-07-15T08:23:14.638Z[0;39m [32m INFO[0;39m [35m314473[0;39m [2m---[0;39m [2m[restaurantpos] [           main][0;39m [2m[0;39m[36mcom.zaxxer.hikari.HikariDataSource      [0;39m [2m:[0;39m HikariPool-1 - Starting...
[2m2024-07-15T08:23:15.034Z[0;39m [32mDEBUG[0;39m [35m314473[0;39m [2m---[0;39m [2m[restaurantpos] [           main][0;39m [2m[0;39m[36mcom.zaxxer.hikari.pool.PoolBase         [0;39m [2m:[0;39m HikariPool-1 - Failed to create/setup connection: Access denied for user 'root'@'localhost'
[2m2024-07-15T08:23:15.035Z[0;39m [32mDEBUG[0;39m [35m314473[0;39m [2m---[0;39m [2m[restaurantpos] [           main][0;39m [2m[0;39m[36mcom.zaxxer.hikari.pool.HikariPool       [0;39m [2m:[0;39m HikariPool-1 - Cannot acquire connection from data source

java.sql.SQLException: Access denied for user 'root'@'localhost'
	at com.mysql.cj.jdbc.exceptions.SQLError.createSQLException(SQLError.java:130) ~[mysql-connector-j-8.3.0.jar:8.3.0]
	at com.mysql.cj.jdbc.exceptions.SQLExceptionsMapping.translateException(SQLExceptionsMapping.java:122) ~[mysql-connector-j-8.3.0.jar:8.3.0]
	at com.mysql.cj.jdbc.ConnectionImpl.createNewIO(ConnectionImpl.java:815) ~[mysql-connector-j-8.3.0.jar:8.3.0]
	at com.mysql.cj.jdbc.ConnectionImpl.<init>(ConnectionImpl.java:438) ~[mysql-connector-j-8.3.0.jar:8.3.0]
	at com.mysql.cj.jdbc.ConnectionImpl.getInstance(ConnectionImpl.java:241) ~[mysql-connector-j-8.3.0.jar:8.3.0]
	at com.mysql.cj.jdbc.NonRegisteringDriver.connect(NonRegisteringDriver.java:189) ~[mysql-connector-j-8.3.0.jar:8.3.0]
	at com.zaxxer.hikari.util.DriverDataSource.getConnection(DriverDataSource.java:138) ~[HikariCP-5.0.1.jar:na]
	at com.zaxxer.hikari.pool.PoolBase.newConnection(PoolBase.java:359) ~[HikariCP-5.0.1.jar:na]
	at com.zaxxer.hikari.pool.PoolBase.newPoolEntry(PoolBase.java:201) ~[HikariCP-5.0.1.jar:na]
	at com.zaxxer.hikari.pool.HikariPool.createPoolEntry(HikariPool.java:470) ~[HikariCP-5.0.1.jar:na]
	at com.zaxxer.hikari.pool.HikariPool.checkFailFast(HikariPool.java:561) ~[HikariCP-5.0.1.jar:na]
	at com.zaxxer.hikari.pool.HikariPool.<init>(HikariPool.java:100) ~[HikariCP-5.0.1.jar:na]
	at com.zaxxer.hikari.HikariDataSource.getConnection(HikariDataSource.java:112) ~[HikariCP-5.0.1.jar:na]
	at org.hibernate.engine.jdbc.connections.internal.DatasourceConnectionProviderImpl.getConnection(DatasourceConnectionProviderImpl.java:122) ~[hibernate-core-6.4.4.Final.jar:6.4.4.Final]
	at org.hibernate.engine.jdbc.env.internal.JdbcEnvironmentInitiator$ConnectionProviderJdbcConnectionAccess.obtainConnection(JdbcEnvironmentInitiator.java:428) ~[hibernate-core-6.4.4.Final.jar:6.4.4.Final]
	at org.hibernate.resource.transaction.backend.jdbc.internal.JdbcIsolationDelegate.delegateWork(JdbcIsolationDelegate.java:61) ~[hibernate-core-6.4.4.Final.jar:6.4.4.Final]
	at org.hibernate.engine.jdbc.env.internal.JdbcEnvironmentInitiator.getJdbcEnvironmentUsingJdbcMetadata(JdbcEnvironmentInitiator.java:276) ~[hibernate-core-6.4.4.Final.jar:6.4.4.Final]
	at org.hibernate.engine.jdbc.env.internal.JdbcEnvironmentInitiator.initiateService(JdbcEnvironmentInitiator.java:107) ~[hibernate-core-6.4.4.Final.jar:6.4.4.Final]
	at org.hibernate.engine.jdbc.env.internal.JdbcEnvironmentInitiator.initiateService(JdbcEnvironmentInitiator.java:68) ~[hibernate-core-6.4.4.Final.jar:6.4.4.Final]
	at org.hibernate.boot.registry.internal.StandardServiceRegistryImpl.initiateService(StandardServiceRegistryImpl.java:130) ~[hibernate-core-6.4.4.Final.jar:6.4.4.Final]
	at org.hibernate.service.internal.AbstractServiceRegistryImpl.createService(AbstractServiceRegistryImpl.java:263) ~[hibernate-core-6.4.4.Final.jar:6.4.4.Final]
	at org.hibernate.service.internal.AbstractServiceRegistryImpl.initializeService(AbstractServiceRegistryImpl.java:238) ~[hibernate-core-6.4.4.Final.jar:6.4.4.Final]
	at org.hibernate.service.internal.AbstractServiceRegistryImpl.getService(AbstractServiceRegistryImpl.java:215) ~[hibernate-core-6.4.4.Final.jar:6.4.4.Final]
	at org.hibernate.boot.model.relational.Database.<init>(Database.java:45) ~[hibernate-core-6.4.4.Final.jar:6.4.4.Final]
	at org.hibernate.boot.internal.InFlightMetadataCollectorImpl.getDatabase(InFlightMetadataCollectorImpl.java:223) ~[hibernate-core-6.4.4.Final.jar:6.4.4.Final]
	at org.hibernate.boot.internal.InFlightMetadataCollectorImpl.<init>(InFlightMetadataCollectorImpl.java:191) ~[hibernate-core-6.4.4.Final.jar:6.4.4.Final]
	at org.hibernate.boot.model.process.spi.MetadataBuildingProcess.complete(MetadataBuildingProcess.java:170) ~[hibernate-core-6.4.4.Final.jar:6.4.4.Final]
	at org.hibernate.jpa.boot.internal.EntityManagerFactoryBuilderImpl.metadata(EntityManagerFactoryBuilderImpl.java:1432) ~[hibernate-core-6.4.4.Final.jar:6.4.4.Final]
	at org.hibernate.jpa.boot.internal.EntityManagerFactoryBuilderImpl.build(EntityManagerFactoryBuilderImpl.java:1503) ~[hibernate-core-6.4.4.Final.jar:6.4.4.Final]
	at org.springframework.orm.jpa.vendor.SpringHibernateJpaPersistenceProvider.createContainerEntityManagerFactory(SpringHibernateJpaPersistenceProvider.java:75) ~[spring-orm-6.1.6.jar:6.1.6]
	at org.springframework.orm.jpa.LocalContainerEntityManagerFactoryBean.createNativeEntityManagerFactory(LocalContainerEntityManagerFactoryBean.java:390) ~[spring-orm-6.1.6.jar:6.1.6]
	at org.springframework.orm.jpa.AbstractEntityManagerFactoryBean.buildNativeEntityManagerFactory(AbstractEntityManagerFactoryBean.java:409) ~[spring-orm-6.1.6.jar:6.1.6]
	at org.springframework.orm.jpa.AbstractEntityManagerFactoryBean.afterPropertiesSet(AbstractEntityManagerFactoryBean.java:396) ~[spring-orm-6.1.6.jar:6.1.6]
	at org.springframework.orm.jpa.LocalContainerEntityManagerFactoryBean.afterPropertiesSet(LocalContainerEntityManagerFactoryBean.java:366) ~[spring-orm-6.1.6.jar:6.1.6]
	at org.springframework.beans.factory.support.AbstractAutowireCapableBeanFactory.invokeInitMethods(AbstractAutowireCapableBeanFactory.java:1833) ~[spring-beans-6.1.6.jar:6.1.6]
	at org.springframework.beans.factory.support.AbstractAutowireCapableBeanFactory.initializeBean(AbstractAutowireCapableBeanFactory.java:1782) ~[spring-beans-6.1.6.jar:6.1.6]
	at org.springframework.beans.factory.support.AbstractAutowireCapableBeanFactory.doCreateBean(AbstractAutowireCapableBeanFactory.java:600) ~[spring-beans-6.1.6.jar:6.1.6]
	at org.springframework.beans.factory.support.AbstractAutowireCapableBeanFactory.createBean(AbstractAutowireCapableBeanFactory.java:522) ~[spring-beans-6.1.6.jar:6.1.6]
	at org.springframework.beans.factory.support.AbstractBeanFactory.lambda$doGetBean$0(AbstractBeanFactory.java:326) ~[spring-beans-6.1.6.jar:6.1.6]
	at org.springframework.beans.factory.support.DefaultSingletonBeanRegistry.getSingleton(DefaultSingletonBeanRegistry.java:234) ~[spring-beans-6.1.6.jar:6.1.6]
	at org.springframework.beans.factory.support.AbstractBeanFactory.doGetBean(AbstractBeanFactory.java:324) ~[spring-beans-6.1.6.jar:6.1.6]
	at org.springframework.beans.factory.support.AbstractBeanFactory.getBean(AbstractBeanFactory.java:200) ~[spring-beans-6.1.6.jar:6.1.6]
	at org.springframework.context.support.AbstractApplicationContext.getBean(AbstractApplicationContext.java:1234) ~[spring-context-6.1.6.jar:6.1.6]
	at org.springframework.context.support.AbstractApplicationContext.finishBeanFactoryInitialization(AbstractApplicationContext.java:952) ~[spring-context-6.1.6.jar:6.1.6]
	at org.springframework.context.support.AbstractApplicationContext.refresh(AbstractApplicationContext.java:624) ~[spring-context-6.1.6.jar:6.1.6]
	at org.springframework.boot.web.servlet.context.ServletWebServerApplicationContext.refresh(ServletWebServerApplicationContext.java:146) ~[spring-boot-3.2.5.jar:3.2.5]
	at org.springframework.boot.SpringApplication.refresh(SpringApplication.java:754) ~[spring-boot-3.2.5.jar:3.2.5]
	at org.springframework.boot.SpringApplication.refreshContext(SpringApplication.java:456) ~[spring-boot-3.2.5.jar:3.2.5]
	at org.springframework.boot.SpringApplication.run(SpringApplication.java:334) ~[spring-boot-3.2.5.jar:3.2.5]
	at org.springframework.boot.SpringApplication.run(SpringApplication.java:1354) ~[spring-boot-3.2.5.jar:3.2.5]
	at org.springframework.boot.SpringApplication.run(SpringApplication.java:1343) ~[spring-boot-3.2.5.jar:3.2.5]
	at com.nishana.restaurantpos.RestaurantsApplication.main(RestaurantsApplication.java:10) ~[classes/:na]

[2m2024-07-15T08:23:16.039Z[0;39m [31mERROR[0;39m [35m314473[0;39m [2m---[0;39m [2m[restaurantpos] [           main][0;39m [2m[0;39m[36mcom.zaxxer.hikari.pool.HikariPool       [0;39m [2m:[0;39m HikariPool-1 - Exception during pool initialization.

java.sql.SQLException: Access denied for user 'root'@'localhost'
	at com.mysql.cj.jdbc.exceptions.SQLError.createSQLException(SQLError.java:130) ~[mysql-connector-j-8.3.0.jar:8.3.0]
	at com.mysql.cj.jdbc.exceptions.SQLExceptionsMapping.translateException(SQLExceptionsMapping.java:122) ~[mysql-connector-j-8.3.0.jar:8.3.0]
	at com.mysql.cj.jdbc.ConnectionImpl.createNewIO(ConnectionImpl.java:815) ~[mysql-connector-j-8.3.0.jar:8.3.0]
	at com.mysql.cj.jdbc.ConnectionImpl.<init>(ConnectionImpl.java:438) ~[mysql-connector-j-8.3.0.jar:8.3.0]
	at com.mysql.cj.jdbc.ConnectionImpl.getInstance(ConnectionImpl.java:241) ~[mysql-connector-j-8.3.0.jar:8.3.0]
	at com.mysql.cj.jdbc.NonRegisteringDriver.connect(NonRegisteringDriver.java:189) ~[mysql-connector-j-8.3.0.jar:8.3.0]
	at com.zaxxer.hikari.util.DriverDataSource.getConnection(DriverDataSource.java:138) ~[HikariCP-5.0.1.jar:na]
	at com.zaxxer.hikari.pool.PoolBase.newConnection(PoolBase.java:359) ~[HikariCP-5.0.1.jar:na]
	at com.zaxxer.hikari.pool.PoolBase.newPoolEntry(PoolBase.java:201) ~[HikariCP-5.0.1.jar:na]
	at com.zaxxer.hikari.pool.HikariPool.createPoolEntry(HikariPool.java:470) ~[HikariCP-5.0.1.jar:na]
	at com.zaxxer.hikari.pool.HikariPool.checkFailFast(HikariPool.java:561) ~[HikariCP-5.0.1.jar:na]
	at com.zaxxer.hikari.pool.HikariPool.<init>(HikariPool.java:100) ~[HikariCP-5.0.1.jar:na]
	at com.zaxxer.hikari.HikariDataSource.getConnection(HikariDataSource.java:112) ~[HikariCP-5.0.1.jar:na]
	at org.hibernate.engine.jdbc.connections.internal.DatasourceConnectionProviderImpl.getConnection(DatasourceConnectionProviderImpl.java:122) ~[hibernate-core-6.4.4.Final.jar:6.4.4.Final]
	at org.hibernate.engine.jdbc.env.internal.JdbcEnvironmentInitiator$ConnectionProviderJdbcConnectionAccess.obtainConnection(JdbcEnvironmentInitiator.java:428) ~[hibernate-core-6.4.4.Final.jar:6.4.4.Final]
	at org.hibernate.resource.transaction.backend.jdbc.internal.JdbcIsolationDelegate.delegateWork(JdbcIsolationDelegate.java:61) ~[hibernate-core-6.4.4.Final.jar:6.4.4.Final]
	at org.hibernate.engine.jdbc.env.internal.JdbcEnvironmentInitiator.getJdbcEnvironmentUsingJdbcMetadata(JdbcEnvironmentInitiator.java:276) ~[hibernate-core-6.4.4.Final.jar:6.4.4.Final]
	at org.hibernate.engine.jdbc.env.internal.JdbcEnvironmentInitiator.initiateService(JdbcEnvironmentInitiator.java:107) ~[hibernate-core-6.4.4.Final.jar:6.4.4.Final]
	at org.hibernate.engine.jdbc.env.internal.JdbcEnvironmentInitiator.initiateService(JdbcEnvironmentInitiator.java:68) ~[hibernate-core-6.4.4.Final.jar:6.4.4.Final]
	at org.hibernate.boot.registry.internal.StandardServiceRegistryImpl.initiateService(StandardServiceRegistryImpl.java:130) ~[hibernate-core-6.4.4.Final.jar:6.4.4.Final]
	at org.hibernate.service.internal.AbstractServiceRegistryImpl.createService(AbstractServiceRegistryImpl.java:263) ~[hibernate-core-6.4.4.Final.jar:6.4.4.Final]
	at org.hibernate.service.internal.AbstractServiceRegistryImpl.initializeService(AbstractServiceRegistryImpl.java:238) ~[hibernate-core-6.4.4.Final.jar:6.4.4.Final]
	at org.hibernate.service.internal.AbstractServiceRegistryImpl.getService(AbstractServiceRegistryImpl.java:215) ~[hibernate-core-6.4.4.Final.jar:6.4.4.Final]
	at org.hibernate.boot.model.relational.Database.<init>(Database.java:45) ~[hibernate-core-6.4.4.Final.jar:6.4.4.Final]
	at org.hibernate.boot.internal.InFlightMetadataCollectorImpl.getDatabase(InFlightMetadataCollectorImpl.java:223) ~[hibernate-core-6.4.4.Final.jar:6.4.4.Final]
	at org.hibernate.boot.internal.InFlightMetadataCollectorImpl.<init>(InFlightMetadataCollectorImpl.java:191) ~[hibernate-core-6.4.4.Final.jar:6.4.4.Final][2m2024-07-15T08:23:36.015Z[0;39m [32mDEBUG[0;39m [35m313167[0;39m [2m---[0;39m [2m[restaurantpos] [l-1 housekeeper][0;39m [2m[0;39m[36mcom.zaxxer.hikari.pool.HikariPool       [0;39m [2m:[0;39m HikariPool-1 - Pool stats (total=10, active=0, idle=10, waiting=0)
[2m2024-07-15T08:23:36.016Z[0;39m [32mDEBUG[0;39m [35m313167[0;39m [2m---[0;39m [2m[restaurantpos] [l-1 housekeeper][0;39m [2m[0;39m[36mcom.zaxxer.hikari.pool.HikariPool       [0;39m [2m:[0;39m HikariPool-1 - Fill pool skipped, pool has sufficient level or currently being filled (queueDepth=0).
[2m2024-07-15T08:24:06.016Z[0;39m [32mDEBUG[0;39m [35m313167[0;39m [2m---[0;39m [2m[restaurantpos] [l-1 housekeeper][0;39m [2m[0;39m[36mcom.zaxxer.hikari.pool.HikariPool       [0;39m [2m:[0;39m HikariPool-1 - Pool stats (total=10, active=0, idle=10, waiting=0)
[2m2024-07-15T08:24:06.016Z[0;39m [32mDEBUG[0;39m [35m313167[0;39m [2m---[0;39m [2m[restaurantpos] [l-1 housekeeper][0;39m [2m[0;39m[36mcom.zaxxer.hikari.pool.HikariPool       [0;39m [2m:[0;39m HikariPool-1 - Fill pool skipped, pool has sufficient level or currently being filled (queueDepth=0).
[2m2024-07-15T08:24:36.017Z[0;39m [32mDEBUG[0;39m [35m313167[0;39m [2m---[0;39m [2m[restaurantpos] [l-1 housekeeper][0;39m [2m[0;39m[36mcom.zaxxer.hikari.pool.HikariPool       [0;39m [2m:[0;39m HikariPool-1 - Pool stats (total=10, active=0, idle=10, waiting=0)
[2m2024-07-15T08:24:36.017Z[0;39m [32mDEBUG[0;39m [35m313167[0;39m [2m---[0;39m [2m[restaurantpos] [l-1 housekeeper][0;39m [2m[0;39m[36mcom.zaxxer.hikari.pool.HikariPool       [0;39m [2m:[0;39m HikariPool-1 - Fill pool skipped, pool has sufficient level or currently being filled (queueDepth=0).
[2m2024-07-15T08:25:06.017Z[0;39m [32mDEBUG[0;39m [35m313167[0;39m [2m---[0;39m [2m[restaurantpos] [l-1 housekeeper][0;39m [2m[0;39m[36mcom.zaxxer.hikari.pool.HikariPool       [0;39m [2m:[0;39m HikariPool-1 - Pool stats (total=10, active=0, idle=10, waiting=0)
[2m2024-07-15T08:25:06.018Z[0;39m [32mDEBUG[0;39m [35m313167[0;39m [2m---[0;39m [2m[restaurantpos] [l-1 housekeeper][0;39m [2m[0;39m[36mcom.zaxxer.hikari.pool.HikariPool       [0;39m [2m:[0;39m HikariPool-1 - Fill pool skipped, pool has sufficient level or currently being filled (queueDepth=0).
[2m2024-07-15T08:25:36.018Z[0;39m [32mDEBUG[0;39m [35m313167[0;39m [2m---[0;39m [2m[restaurantpos] [l-1 housekeeper][0;39m [2m[0;39m[36mcom.zaxxer.hikari.pool.HikariPool       [0;39m [2m:[0;39m HikariPool-1 - Pool stats (total=10, active=0, idle=10, waiting=0)
[2m2024-07-15T08:25:36.018Z[0;39m [32mDEBUG[0;39m [35m313167[0;39m [2m---[0;39m [2m[restaurantpos] [l-1 housekeeper][0;39m [2m[0;39m[36mcom.zaxxer.hikari.pool.HikariPool       [0;39m [2m:[0;39m HikariPool-1 - Fill pool skipped, pool has sufficient level or currently being filled (queueDepth=0).
[2m2024-07-15T08:26:06.018Z[0;39m [32mDEBUG[0;39m [35m313167[0;39m [2m---[0;39m [2m[restaurantpos] [l-1 housekeeper][0;39m [2m[0;39m[36mcom.zaxxer.hikari.pool.HikariPool       [0;39m [2m:[0;39m HikariPool-1 - Pool stats (total=10, active=0, idle=10, waiting=0)
[2m2024-07-15T08:26:06.019Z[0;39m [32mDEBUG[0;39m [35m313167[0;39m [2m---[0;39m [2m[restaurantpos] [l-1 housekeeper][0;39m [2m[0;39m[36mcom.zaxxer.hikari.pool.HikariPool       [0;39m [2m:[0;39m HikariPool-1 - Fill pool skipped, pool has sufficient level or currently being filled (queueDepth=0).
[2m2024-07-15T08:26:36.019Z[0;39m [32mDEBUG[0;39m [35m313167[0;39m [2m---[0;39m [2m[restaurantpos] [l-1 housekeeper][0;39m [2m[0;39m[36mcom.zaxxer.hikari.pool.HikariPool       [0;39m [2m:[0;39m HikariPool-1 - Pool stats (total=10, active=0, idle=10, waiting=0)
[2m2024-07-15T08:26:36.019Z[0;39m [32mDEBUG[0;39m [35m313167[0;39m [2m---[0;39m [2m[restaurantpos] [l-1 housekeeper][0;39m [2m[0;39m[36mcom.zaxxer.hikari.pool.HikariPool       [0;39m [2m:[0;39m HikariPool-1 - Fill pool skipped, pool has sufficient level or currently being filled (queueDepth=0).
[2m2024-07-15T08:27:06.020Z[0;39m [32mDEBUG[0;39m [35m313167[0;39m [2m---[0;39m [2m[restaurantpos] [l-1 housekeeper][0;39m [2m[0;39m[36mcom.zaxxer.hikari.pool.HikariPool       [0;39m [2m:[0;39m HikariPool-1 - Pool stats (total=10, active=0, idle=10, waiting=0)
[2m2024-07-15T08:27:06.020Z[0;39m [32mDEBUG[0;39m [35m313167[0;39m [2m---[0;39m [2m[restaurantpos] [l-1 housekeeper][0;39m [2m[0;39m[36mcom.zaxxer.hikari.pool.HikariPool       [0;39m [2m:[0;39m HikariPool-1 - Fill pool skipped, pool has sufficient level or currently being filled (queueDepth=0).
[2m2024-07-15T08:27:36.020Z[0;39m [32mDEBUG[0;39m [35m313167[0;39m [2m---[0;39m [2m[restaurantpos] [l-1 housekeeper][0;39m [2m[0;39m[36mcom.zaxxer.hikari.pool.HikariPool       [0;39m [2m:[0;39m HikariPool-1 - Pool stats (total=10, active=0, idle=10, waiting=0)
[2m2024-07-15T08:27:36.021Z[0;39m [32mDEBUG[0;39m [35m313167[0;39m [2m---[0;39m [2m[restaurantpos] [l-1 housekeeper][0;39m [2m[0;39m[36mcom.zaxxer.hikari.pool.HikariPool       [0;39m [2m:[0;39m HikariPool-1 - Fill pool skipped, pool has sufficient level or currently being filled (queueDepth=0).
[2m2024-07-15T08:28:06.021Z[0;39m [32mDEBUG[0;39m [35m313167[0;39m [2m---[0;39m [2m[restaurantpos] [l-1 housekeeper][0;39m [2m[0;39m[36mcom.zaxxer.hikari.pool.HikariPool       [0;39m [2m:[0;39m HikariPool-1 - Pool stats (total=10, active=0, idle=10, waiting=0)
[2m2024-07-15T08:28:06.021Z[0;39m [32mDEBUG[0;39m [35m313167[0;39m [2m---[0;39m [2m[restaurantpos] [l-1 housekeeper][0;39m [2m[0;39m[36mcom.zaxxer.hikari.pool.HikariPool       [0;39m [2m:[0;39m HikariPool-1 - Fill pool skipped, pool has sufficient level or currently being filled (queueDepth=0).
[2m2024-07-15T08:28:36.021Z[0;39m [32mDEBUG[0;39m [35m313167[0;39m [2m---[0;39m [2m[restaurantpos] [l-1 housekeeper][0;39m [2m[0;39m[36mcom.zaxxer.hikari.pool.HikariPool       [0;39m [2m:[0;39m HikariPool-1 - Pool stats (total=10, active=0, idle=10, waiting=0)
[2m2024-07-15T08:28:36.022Z[0;39m [32mDEBUG[0;39m [35m313167[0;39m [2m---[0;39m [2m[restaurantpos] [l-1 housekeeper][0;39m [2m[0;39m[36mcom.zaxxer.hikari.pool.HikariPool       [0;39m [2m:[0;39m HikariPool-1 - Fill pool skipped, pool has sufficient level or currently being filled (queueDepth=0).
[2m2024-07-15T08:29:06.022Z[0;39m [32mDEBUG[0;39m [35m313167[0;39m [2m---[0;39m [2m[restaurantpos] [l-1 housekeeper][0;39m [2m[0;39m[36mcom.zaxxer.hikari.pool.HikariPool       [0;39m [2m:[0;39m HikariPool-1 - Pool stats (total=10, active=0, idle=10, waiting=0)
[2m2024-07-15T08:29:06.022Z[0;39m [32mDEBUG[0;39m [35m313167[0;39m [2m---[0;39m [2m[restaurantpos] [l-1 housekeeper][0;39m [2m[0;39m[36mcom.zaxxer.hikari.pool.HikariPool       [0;39m [2m:[0;39m HikariPool-1 - Fill pool skipped, pool has sufficient level or currently being filled (queueDepth=0).
[2m2024-07-15T08:29:36.023Z[0;39m [32mDEBUG[0;39m [35m313167[0;39m [2m---[0;39m [2m[restaurantpos] [l-1 housekeeper][0;39m [2m[0;39m[36mcom.zaxxer.hikari.pool.HikariPool       [0;39m [2m:[0;39m HikariPool-1 - Pool stats (total=10, active=0, idle=10, waiting=0)
[2m2024-07-15T08:29:36.023Z[0;39m [32mDEBUG[0;39m [35m313167[0;39m [2m---[0;39m [2m[restaurantpos] [l-1 housekeeper][0;39m [2m[0;39m[36mcom.zaxxer.hikari.pool.HikariPool       [0;39m [2m:[0;39m HikariPool-1 - Fill pool skipped, pool has sufficient level or currently being filled (queueDepth=0).
[2m2024-07-15T08:30:06.023Z[0;39m [32mDEBUG[0;39m [35m313167[0;39m [2m---[0;39m [2m[restaurantpos] [l-1 housekeeper][0;39m [2m[0;39m[36mcom.zaxxer.hikari.pool.HikariPool       [0;39m [2m:[0;39m HikariPool-1 - Pool stats (total=10, active=0, idle=10, waiting=0)
[2m2024-07-15T08:30:06.023Z[0;39m [32mDEBUG[0;39m [35m313167[0;39m [2m---[0;39m [2m[restaurantpos] [l-1 housekeeper][0;39m [2m[0;39m[36mcom.zaxxer.hikari.pool.HikariPool       [0;39m [2m:[0;39m HikariPool-1 - Fill pool skipped, pool has sufficient level or currently being filled (queueDepth=0).
.java:522) ~[spring-beans-6.1.6.jar:6.1.6]
	at org.springframework.beans.factory.support.AbstractBeanFactory.lambda$doGetBean$0(AbstractBeanFactory.java:326) ~[spring-beans-6.1.6.jar:6.1.6]
	at org.springframework.beans.factory.support.DefaultSingletonBeanRegistry.getSingleton(DefaultSingletonBeanRegistry.java:234) ~[spring-beans-6.1.6.jar:6.1.6]
	at org.springframework.beans.factory.support.AbstractBeanFactory.doGetBean(AbstractBeanFactory.java:324) ~[spring-beans-6.1.6.jar:6.1.6]
	at org.springframework.beans.factory.support.AbstractBeanFactory.getBean(AbstractBeanFactory.java:200) ~[spring-beans-6.1.6.jar:6.1.6]
	at org.springframework.context.support.AbstractApplicationContext.getBean(AbstractApplicationContext.java:1234) ~[spring-context-6.1.6.jar:6.1.6]
	at org.springframework.context.support.AbstractApplicationContext.finishBeanFactoryInitialization(AbstractApplicationContext.java:952) ~[spring-context-6.1.6.jar:6.1.6]
	at org.springframework.context.support.AbstractApplicationContext.refresh(AbstractApplicationContext.java:624) ~[spring-context-6.1.6.jar:6.1.6]
	at org.springframework.boot.web.servlet.context.ServletWebServerApplicationContext.refresh(ServletWebServerApplicationContext.java:146) ~[spring-boot-3.2.5.jar:3.2.5]
	at org.springframework.boot.SpringApplication.refresh(SpringApplication.java:754) ~[spring-boot-3.2.5.jar:3.2.5]
	at org.springframework.boot.SpringApplication.refreshContext(SpringApplication.java:456) ~[spring-boot-3.2.5.jar:3.2.5]
	at org.springframework.boot.SpringApplication.run(SpringApplication.java:334) ~[spring-boot-3.2.5.jar:3.2.5]
	at org.springframework.boot.SpringApplication.run(SpringApplication.java:1354) ~[spring-boot-3.2.5.jar:3.2.5]
	at org.springframework.boot.SpringApplication.run(SpringApplication.java:1343) ~[spring-boot-3.2.5.jar:3.2.5]
	at com.nishana.restaurantpos.RestaurantsApplication.main(RestaurantsApplication.java:10) ~[classes/:na]

[2m2024-07-15T08:23:16.056Z[0;39m [33m WARN[0;39m [35m314473[0;39m [2m---[0;39m [2m[restaurantpos] [           main][0;39m [2m[0;39m[36morg.hibernate.orm.deprecation           [0;39m [2m:[0;39m HHH90000025: MySQL8Dialect does not need to be specified explicitly using 'hibernate.dialect' (remove the property setting and it will be selected by default)
[2m2024-07-15T08:23:16.057Z[0;39m [33m WARN[0;39m [35m314473[0;39m [2m---[0;39m [2m[restaurantpos] [           main][0;39m [2m[0;39m[36morg.hibernate.orm.deprecation           [0;39m [2m:[0;39m HHH90000026: MySQL8Dialect has been deprecated; use org.hibernate.dialect.MySQLDialect instead
[2m2024-07-15T08:23:16.798Z[0;39m [32m INFO[0;39m [35m314473[0;39m [2m---[0;39m [2m[restaurantpos] [           main][0;39m [2m[0;39m[36mo.h.e.t.j.p.i.JtaPlatformInitiator      [0;39m [2m:[0;39m HHH000489: No JTA platform available (set 'hibernate.transaction.jta.platform' to enable JTA platform integration)
[2m2024-07-15T08:23:16.813Z[0;39m [32mDEBUG[0;39m [35m314473[0;39m [2m---[0;39m [2m[restaurantpos] [           main][0;39m [2m[0;39m[36mcom.zaxxer.hikari.HikariConfig          [0;39m [2m:[0;39m HikariPool-1 - configuration:
[2m2024-07-15T08:23:16.814Z[0;39m [32mDEBUG[0;39m [35m314473[0;39m [2m---[0;39m [2m[restaurantpos] [           main][0;39m [2m[0;39m[36mcom.zaxxer.hikari.HikariConfig          [0;39m [2m:[0;39m allowPoolSuspension.............false
[2m2024-07-15T08:23:16.814Z[0;39m [32mDEBUG[0;39m [35m314473[0;39m [2m---[0;39m [2m[restaurantpos] [           main][0;39m [2m[0;39m[36mcom.zaxxer.hikari.HikariConfig          [0;39m [2m:[0;39m autoCommit......................true
[2m2024-07-15T08:23:16.814Z[0;39m [32mDEBUG[0;39m [35m314473[0;39m [2m---[0;39m [2m[restaurantpos] [           main][0;39m [2m[0;39m[36mcom.zaxxer.hikari.HikariConfig          [0;39m [2m:[0;39m catalog.........................none
[2m2024-07-15T08:23:16.814Z[0;39m [32mDEBUG[0;39m [35m314473[0;39m [2m---[0;39m [2m[restaurantpos] [           main][0;39m [2m[0;39m[36mcom.zaxxer.hikari.HikariConfig          [0;39m [2m:[0;39m connectionInitSql...............none
[2m2024-07-15T08:23:16.814Z[0;39m [32mDEBUG[0;39m [35m314473[0;39m [2m---[0;39m [2m[restaurantpos] [           main][0;39m [2m[0;39m[36mcom.zaxxer.hikari.HikariConfig          [0;39m [2m:[0;39m connectionTestQuery.............none
[2m2024-07-15T08:23:16.814Z[0;39m [32mDEBUG[0;39m [35m314473[0;39m [2m---[0;39m [2m[restaurantpos] [           main][0;39m [2m[0;39m[36mcom.zaxxer.hikari.HikariConfig          [0;39m [2m:[0;39m connectionTimeout...............30000
[2m2024-07-15T08:23:16.814Z[0;39m [32mDEBUG[0;39m [35m314473[0;39m [2m---[0;39m [2m[restaurantpos] [           main][0;39m [2m[0;39m[36mcom.zaxxer.hikari.HikariConfig          [0;39m [2m:[0;39m dataSource......................none
[2m2024-07-15T08:23:16.814Z[0;39m [32mDEBUG[0;39m [35m314473[0;39m [2m---[0;39m [2m[restaurantpos] [           main][0;39m [2m[0;39m[36mcom.zaxxer.hikari.HikariConfig          [0;39m [2m:[0;39m dataSourceClassName.............none
[2m2024-07-15T08:23:16.815Z[0;39m [32mDEBUG[0;39m [35m314473[0;39m [2m---[0;39m [2m[restaurantpos] [           main][0;39m [2m[0;39m[36mcom.zaxxer.hikari.HikariConfig          [0;39m [2m:[0;39m dataSourceJNDI..................none
[2m2024-07-15T08:23:16.815Z[0;39m [32mDEBUG[0;39m [35m314473[0;39m [2m---[0;39m [2m[restaurantpos] [           main][0;39m [2m[0;39m[36mcom.zaxxer.hikari.HikariConfig          [0;39m [2m:[0;39m dataSourceProperties............{password=<masked>}
[2m2024-07-15T08:23:16.815Z[0;39m [32mDEBUG[0;39m [35m314473[0;39m [2m---[0;39m [2m[restaurantpos] [           main][0;39m [2m[0;39m[36mcom.zaxxer.hikari.HikariConfig          [0;39m [2m:[0;39m driverClassName................."com.mysql.cj.jdbc.Driver"
[2m2024-07-15T08:23:16.815Z[0;39m [32mDEBUG[0;39m [35m314473[0;39m [2m---[0;39m [2m[restaurantpos] [           main][0;39m [2m[0;39m[36mcom.zaxxer.hikari.HikariConfig          [0;39m [2m:[0;39m exceptionOverrideClassName......none
[2m2024-07-15T08:23:16.816Z[0;39m [32mDEBUG[0;39m [35m314473[0;39m [2m---[0;39m [2m[restaurantpos] [           main][0;39m [2m[0;39m[36mcom.zaxxer.hikari.HikariConfig          [0;39m [2m:[0;39m healthCheckProperties...........{}
[2m2024-07-15T08:23:16.816Z[0;39m [32mDEBUG[0;39m [35m314473[0;39m [2m---[0;39m [2m[restaurantpos] [           main][0;39m [2m[0;39m[36mcom.zaxxer.hikari.HikariConfig          [0;39m [2m:[0;39m healthCheckRegistry.............none
[2m2024-07-15T08:23:16.816Z[0;39m [32mDEBUG[0;39m [35m314473[0;39m [2m---[0;39m [2m[restaurantpos] [           main][0;39m [2m[0;39m[36mcom.zaxxer.hikari.HikariConfig          [0;39m [2m:[0;39m idleTimeout.....................600000
[2m2024-07-15T08:23:16.816Z[0;39m [32mDEBUG[0;39m [35m314473[0;39m [2m---[0;39m [2m[restaurantpos] [           main][0;39m [2m[0;39m[36mcom.zaxxer.hikari.HikariConfig          [0;39m [2m:[0;39m initializationFailTimeout.......1
[2m2024-07-15T08:23:16.816Z[0;39m [32mDEBUG[0;39m [35m314473[0;39m [2m---[0;39m [2m[restaurantpos] [           main][0;39m [2m[0;39m[36mcom.zaxxer.hikari.HikariConfig          [0;39m [2m:[0;39m isolateInternalQueries..........false
[2m2024-07-15T08:23:16.816Z[0;39m [32mDEBUG[0;39m [35m314473[0;39m [2m---[0;39m [2m[restaurantpos] [           main][0;39m [2m[0;39m[36mcom.zaxxer.hikari.HikariConfig          [0;39m [2m:[0;39m jdbcUrl.........................jdbc:mysql://localhost:3306/restaurantpos
[2m2024-07-15T08:23:16.817Z[0;39m [32mDEBUG[0;39m [35m314473[0;39m [2m---[0;39m [2m[restaurantpos] [           main][0;39m [2m[0;39m[36mcom.zaxxer.hikari.HikariConfig          [0;39m [2m:[0;39m keepaliveTime...................0
[2m2024-07-15T08:23:16.817Z[0;39m [32mDEBUG[0;39m [35m314473[0;39m [2m---[0;39m [2m[restaurantpos] [           main][0;39m [2m[0;39m[36mcom.zaxxer.hikari.HikariConfig          [0;39m [2m:[0;39m leakDetectionThreshold..........0
[2m2024-07-15T08:23:16.817Z[0;39m [32mDEBUG[0;39m [35m314473[0;39m [2m---[0;39m [2m[restaurantpos] [           main][0;39m [2m[0;39m[36mcom.zaxxer.hikari.HikariConfig          [0;39m [2m:[0;39m maxLifetime.....................1800000
[2m2024-07-15T08:23:16.817Z[0;39m [32mDEBUG[0;39m [35m314473[0;39m [2m---[0;39m [2m[restaurantpos] [           main][0;39m [2m[0;39m[36mcom.zaxxer.hikari.HikariConfig          [0;39m [2m:[0;39m maximumPoolSize.................10
[2m2024-07-15T08:23:16.817Z[0;39m [32mDEBUG[0;39m [35m314473[0;39m [2m---[0;39m [2m[restaurantpos] [           main][0;39m [2m[0;39m[36mcom.zaxxer.hikari.HikariConfig          [0;39m [2m:[0;39m metricRegistry..................none
[2m2024-07-15T08:23:16.817Z[0;39m [32mDEBUG[0;39m [35m314473[0;39m [2m---[0;39m [2m[restaurantpos] [           main][0;39m [2m[0;39m[36mcom.zaxxer.hikari.HikariConfig          [0;39m [2m:[0;39m metricsTrackerFactory...........none
[2m2024-07-15T08:23:16.817Z[0;39m [32mDEBUG[0;39m [35m314473[0;39m [2m---[0;39m [2m[restaurantpos] [           main][0;39m [2m[0;39m[36mcom.zaxxer.hikari.HikariConfig          [0;39m [2m:[0;39m minimumIdle.....................10
[2m2024-07-15T08:23:16.817Z[0;39m [32mDEBUG[0;39m [35m314473[0;39m [2m---[0;39m [2m[restaurantpos] [           main][0;39m [2m[0;39m[36mcom.zaxxer.hikari.HikariConfig          [0;39m [2m:[0;39m password........................<masked>
[2m2024-07-15T08:23:16.817Z[0;39m [32mDEBUG[0;39m [35m314473[0;39m [2m---[0;39m [2m[restaurantpos] [           main][0;39m [2m[0;39m[36mcom.zaxxer.hikari.HikariConfig          [0;39m [2m:[0;39m poolName........................"HikariPool-1"
[2m2024-07-15T08:23:16.818Z[0;39m [32mDEBUG[0;39m [35m314473[0;39m [2m---[0;39m [2m[restaurantpos] [           main][0;39m [2m[0;39m[36mcom.zaxxer.hikari.HikariConfig          [0;39m [2m:[0;39m readOnly........................false
[2m2024-07-15T08:23:16.818Z[0;39m [32mDEBUG[0;39m [35m314473[0;39m [2m---[0;39m [2m[restaurantpos] [           main][0;39m [2m[0;39m[36mcom.zaxxer.hikari.HikariConfig          [0;39m [2m:[0;39m registerMbeans..................false
[2m2024-07-15T08:23:16.818Z[0;39m [32mDEBUG[0;39m [35m314473[0;39m [2m---[0;39m [2m[restaurantpos] [           main][0;39m [2m[0;39m[36mcom.zaxxer.hikari.HikariConfig          [0;39m [2m:[0;39m scheduledExecutor...............none
[2m2024-07-15T08:23:16.818Z[0;39m [32mDEBUG[0;39m [35m314473[0;39m [2m---[0;39m [2m[restaurantpos] [           main][0;39m [2m[0;39m[36mcom.zaxxer.hikari.HikariConfig          [0;39m [2m:[0;39m schema..........................none
[2m2024-07-15T08:23:16.818Z[0;39m [32mDEBUG[0;39m [35m314473[0;39m [2m---[0;39m [2m[restaurantpos] [           main][0;39m [2m[0;39m[36mcom.zaxxer.hikari.HikariConfig          [0;39m [2m:[0;39m threadFactory...................internal
[2m2024-07-15T08:23:16.818Z[0;39m [32mDEBUG[0;39m [35m314473[0;39m [2m---[0;39m [2m[restaurantpos] [           main][0;39m [2m[0;39m[36mcom.zaxxer.hikari.HikariConfig          [0;39m [2m:[0;39m transactionIsolation............default
[2m2024-07-15T08:23:16.818Z[0;39m [32mDEBUG[0;39m [35m314473[0;39m [2m---[0;39m [2m[restaurantpos] [           main][0;39m [2m[0;39m[36mcom.zaxxer.hikari.HikariConfig          [0;39m [2m:[0;39m username........................"root"
[2m2024-07-15T08:23:16.819Z[0;39m [32mDEBUG[0;39m [35m314473[0;39m [2m---[0;39m [2m[restaurantpos] [           main][0;39m [2m[0;39m[36mcom.zaxxer.hikari.HikariConfig          [0;39m [2m:[0;39m validationTimeout...............5000
[2m2024-07-15T08:23:16.819Z[0;39m [32m INFO[0;39m [35m314473[0;39m [2m---[0;39m [2m[restaurantpos] [           main][0;39m [2m[0;39m[36mcom.zaxxer.hikari.HikariDataSource      [0;39m [2m:[0;39m HikariPool-1 - Starting...
[2m2024-07-15T08:23:16.837Z[0;39m [32mDEBUG[0;39m [35m314473[0;39m [2m---[0;39m [2m[restaurantpos] [           main][0;39m [2m[0;39m[36mcom.zaxxer.hikari.pool.PoolBase         [0;39m [2m:[0;39m HikariPool-1 - Failed to create/setup connection: Access denied for user 'root'@'localhost'
[2m2024-07-15T08:23:16.838Z[0;39m [32mDEBUG[0;39m [35m314473[0;39m [2m---[0;39m [2m[restaurantpos] [           main][0;39m [2m[0;39m[36mcom.zaxxer.hikari.pool.HikariPool       [0;39m [2m:[0;39m HikariPool-1 - Cannot acquire connection from data source

java.sql.SQLException: Access denied for user 'root'@'localhost'
	at com.mysql.cj.jdbc.exceptions.SQLError.createSQLException(SQLError.java:130) ~[mysql-connector-j-8.3.0.jar:8.3.0]
	at com.mysql.cj.jdbc.exceptions.SQLExceptionsMapping.translateException(SQLExceptionsMapping.java:122) ~[mysql-connector-j-8.3.0.jar:8.3.0]
	at com.mysql.cj.jdbc.ConnectionImpl.createNewIO(ConnectionImpl.java:815) ~[mysql-connector-j-8.3.0.jar:8.3.0]
	at com.mysql.cj.jdbc.ConnectionImpl.<init>(ConnectionImpl.java:438) ~[mysql-connector-j-8.3.0.jar:8.3.0]
	at com.mysql.cj.jdbc.ConnectionImpl.getInstance(ConnectionImpl.java:241) ~[mysql-connector-j-8.3.0.jar:8.3.0]
	at com.mysql.cj.jdbc.NonRegisteringDriver.connect(NonRegisteringDriver.java:189) ~[mysql-connector-j-8.3.0.jar:8.3.0]
	at com.zaxxer.hikari.util.DriverDataSource.getConnection(DriverDataSource.java:138) ~[HikariCP-5.0.1.jar:na]
	at com.zaxxer.hikari.pool.PoolBase.newConnection(PoolBase.java:359) ~[HikariCP-5.0.1.jar:na]
	at com.zaxxer.hikari.pool.PoolBase.newPoolEntry(PoolBase.java:201) ~[HikariCP-5.0.1.jar:na]
	at com.zaxxer.hikari.pool.HikariPool.createPoolEntry(HikariPool.java:470) ~[HikariCP-5.0.1.jar:na]
	at com.zaxxer.hikari.pool.HikariPool.checkFailFast(HikariPool.java:561) ~[HikariCP-5.0.1.jar:na]
	at com.zaxxer.hikari.pool.HikariPool.<init>(HikariPool.java:100) ~[HikariCP-5.0.1.jar:na]
	at com.zaxxer.hikari.HikariDataSource.getConnection(HikariDataSource.java:112) ~[HikariCP-5.0.1.jar:na]
	at org.hibernate.engine.jdbc.connections.internal.DatasourceConnectionProviderImpl.getConnection(DatasourceConnectionProviderImpl.java:122) ~[hibernate-core-6.4.4.Final.jar:6.4.4.Final]
	at org.hibernate.engine.jdbc.env.internal.JdbcEnvironmentInitiator$ConnectionProviderJdbcConnectionAccess.obtainConnection(JdbcEnvironmentInitiator.java:428) ~[hibernate-core-6.4.4.Final.jar:6.4.4.Final]
	at org.hibernate.resource.transaction.backend.jdbc.internal.DdlTransactionIsolatorNonJtaImpl.getIsolatedConnection(DdlTransactionIsolatorNonJtaImpl.java:46) ~[hibernate-core-6.4.4.Final.jar:6.4.4.Final]
	at org.hibernate.resource.transaction.backend.jdbc.internal.DdlTransactionIsolatorNonJtaImpl.getIsolatedConnection(DdlTransactionIsolatorNonJtaImpl.java:39) ~[hibernate-core-6.4.4.Final.jar:6.4.4.Final]
	at org.hibernate.tool.schema.internal.exec.ImprovedExtractionContextImpl.getJdbcConnection(ImprovedExtractionContextImpl.java:63) ~[hibernate-core-6.4.4.Final.jar:6.4.4.Final]
	at org.hibernate.tool.schema.internal.exec.ImprovedExtractionContextImpl.getJdbcDatabaseMetaData(ImprovedExtractionContextImpl.java:70) ~[hibernate-core-6.4.4.Final.jar:6.4.4.Final]
	at org.hibernate.tool.schema.extract.internal.InformationExtractorJdbcDatabaseMetaDataImpl.processTableResultSet(InformationExtractorJdbcDatabaseMetaDataImpl.java:64) ~[hibernate-core-6.4.4.Final.jar:6.4.4.Final]
	at org.hibernate.tool.schema.extract.internal.AbstractInformationExtractorImpl.getTables(AbstractInformationExtractorImpl.java:570) ~[hibernate-core-6.4.4.Final.jar:6.4.4.Final]
	at org.hibernate.tool.schema.extract.internal.DatabaseInformationImpl.getTablesInformation(DatabaseInformationImpl.java:122) ~[hibernate-core-6.4.4.Final.jar:6.4.4.Final]
	at org.hibernate.tool.schema.internal.GroupedSchemaMigratorImpl.performTablesMigration(GroupedSchemaMigratorImpl.java:72) ~[hibernate-core-6.4.4.Final.jar:6.4.4.Final]
	at org.hibernate.tool.schema.internal.AbstractSchemaMigrator.performMigration(AbstractSchemaMigrator.java:232) ~[hibernate-core-6.4.4.Final.jar:6.4.4.Final]
	at org.hibernate.tool.schema.internal.AbstractSchemaMigrator.doMigration(AbstractSchemaMigrator.java:117) ~[hibernate-core-6.4.4.Final.jar:6.4.4.Final]
	at org.hibernate.tool.schema.spi.SchemaManagementToolCoordinator.performDatabaseAction(SchemaManagementToolCoordinator.java:286) ~[hibernate-core-6.4.4.Final.jar:6.4.4.Final]
	at org.hibernate.tool.schema.spi.SchemaManagementToolCoordinator.lambda$process$5(SchemaManagementToolCoordinator.java:145) ~[hibernate-core-6.4.4.Final.jar:6.4.4.Final]
	at java.base/java.util.HashMap.forEach(HashMap.java:1429) ~[na:na]
	at org.hibernate.tool.schema.spi.SchemaManagementToolCoordinator.process(SchemaManagementToolCoordinator.java:142) ~[hibernate-core-6.4.4.Final.jar:6.4.4.Final]
	at org.hibernate.boot.internal.SessionFactoryObserverForSchemaExport.sessionFactoryCreated(SessionFactoryObserverForSchemaExport.java:37) ~[hibernate-core-6.4.4.Final.jar:6.4.4.Final]
	at org.hibernate.internal.SessionFactoryObserverChain.sessionFactoryCreated(SessionFactoryObserverChain.java:35) ~[hibernate-core-6.4.4.Final.jar:6.4.4.Final]
	at org.hibernate.internal.SessionFactoryImpl.<init>(SessionFactoryImpl.java:315) ~[hibernate-core-6.4.4.Final.jar:6.4.4.Final]
	at org.hibernate.boot.internal.SessionFactoryBuilderImpl.build(SessionFactoryBuilderImpl.java:450) ~[hibernate-core-6.4.4.Final.jar:6.4.4.Final]
	at org.hibernate.jpa.boot.internal.EntityManagerFactoryBuilderImpl.build(EntityManagerFactoryBuilderImpl.java:1507) ~[hibernate-core-6.4.4.Final.jar:6.4.4.Final]
	at org.springframework.orm.jpa.vendor.SpringHibernateJpaPersistenceProvider.createContainerEntityManagerFactory(SpringHibernateJpaPersistenceProvider.java:75) ~[spring-orm-6.1.6.jar:6.1.6]
	at org.springframework.orm.jpa.LocalContainerEntityManagerFactoryBean.createNativeEntityManagerFactory(LocalContainerEntityManagerFactoryBean.java:390) ~[spring-orm-6.1.6.jar:6.1.6]
	at org.springframework.orm.jpa.AbstractEntityManagerFactoryBean.buildNativeEntityManagerFactory(AbstractEntityManagerFactoryBean.java:409) ~[spring-orm-6.1.6.jar:6.1.6]
	at org.springframework.orm.jpa.AbstractEntityManagerFactoryBean.afterPropertiesSet(AbstractEntityManagerFactoryBean.java:396) ~[spring-orm-6.1.6.jar:6.1.6]
	at org.springframework.orm.jpa.LocalContainerEntityManagerFactoryBean.afterPropertiesSet(LocalContainerEntityManagerFactoryBean.java:366) ~[spring-orm-6.1.6.jar:6.1.6]
	at org.springframework.beans.factory.support.AbstractAutowireCapableBeanFactory.invokeInitMethods(AbstractAutowireCapableBeanFactory.java:1833) ~[spring-beans-6.1.6.jar:6.1.6]
	at org.springframework.beans.factory.support.AbstractAutowireCapableBeanFactory.initializeBean(AbstractAutowireCapableBeanFactory.java:1782) ~[spring-beans-6.1.6.jar:6.1.6]
	at org.springframework.beans.factory.support.AbstractAutowireCapableBeanFactory.doCreateBean(AbstractAutowireCapableBeanFactory.java:600) ~[spring-beans-6.1.6.jar:6.1.6]
	at org.springframework.beans.factory.support.AbstractAutowireCapableBeanFactory.createBean(AbstractAutowireCapableBeanFactory.java:522) ~[spring-beans-6.1.6.jar:6.1.6]
	at org.springframework.beans.factory.support.AbstractBeanFactory.lambda$doGetBean$0(AbstractBeanFactory.java:326) ~[spring-beans-6.1.6.jar:6.1.6]
	at org.springframework.beans.factory.support.DefaultSingletonBeanRegistry.getSingleton(DefaultSingletonBeanRegistry.java:234) ~[spring-beans-6.1.6.jar:6.1.6]
	at org.springframework.beans.factory.support.AbstractBeanFactory.doGetBean(AbstractBeanFactory.java:324) ~[spring-beans-6.1.6.jar:6.1.6]
	at org.springframework.beans.factory.support.AbstractBeanFactory.getBean(AbstractBeanFactory.java:200) ~[spring-beans-6.1.6.jar:6.1.6]
	at org.springframework.context.support.AbstractApplicationContext.getBean(AbstractApplicationContext.java:1234) ~[spring-context-6.1.6.jar:6.1.6]
	at org.springframework.context.support.AbstractApplicationContext.finishBeanFactoryInitialization(AbstractApplicationContext.java:952) ~[spring-context-6.1.6.jar:6.1.6]
	at org.springframework.context.support.AbstractApplicationContext.refresh(AbstractApplicationContext.java:624) ~[spring-context-6.1.6.jar:6.1.6]
	at org.springframework.boot.web.servlet.context.ServletWebServerApplicationContext.refresh(ServletWebServerApplicationContext.java:146) ~[spring-boot-3.2.5.jar:3.2.5]
	at org.springframework.boot.SpringApplication.refresh(SpringApplication.java:754) ~[spring-boot-3.2.5.jar:3.2.5]
	at org.springframework.boot.SpringApplication.refreshContext(SpringApplication.java:456) ~[spring-boot-3.2.5.jar:3.2.5]
	at org.springframework.boot.SpringApplication.run(SpringApplication.java:334) ~[spring-boot-3.2.5.jar:3.2.5]
	at org.springframework.boot.SpringApplication.run(SpringApplication.java:1354) ~[spring-boot-3.2.5.jar:3.2.5]
	at org.springframework.boot.SpringApplication.run(SpringApplication.java:1343) ~[spring-boot-3.2.5.jar:3.2.5]
	at com.nishana.restaurantpos.RestaurantsApplication.main(RestaurantsApplication.java:10) ~[classes/:na]

[2m2024-07-15T08:23:17.841Z[0;39m [31mERROR[0;39m [35m314473[0;39m [2m---[0;39m [2m[restaurantpos] [           main][0;39m [2m[0;39m[36mcom.zaxxer.hikari.pool.HikariPool       [0;39m [2m:[0;39m HikariPool-1 - Exception during pool initialization.

java.sql.SQLException: Access denied for user 'root'@'localhost'
	at com.mysql.cj.jdbc.exceptions.SQLError.createSQLException(SQLError.java:130) ~[mysql-connector-j-8.3.0.jar:8.3.0]
	at com.mysql.cj.jdbc.exceptions.SQLExceptionsMapping.translateException(SQLExceptionsMapping.java:122) ~[mysql-connector-j-8.3.0.jar:8.3.0]
	at com.mysql.cj.jdbc.ConnectionImpl.createNewIO(ConnectionImpl.java:815) ~[mysql-connector-j-8.3.0.jar:8.3.0]
	at com.mysql.cj.jdbc.ConnectionImpl.<init>(ConnectionImpl.java:438) ~[mysql-connector-j-8.3.0.jar:8.3.0]
	at com.mysql.cj.jdbc.ConnectionImpl.getInstance(ConnectionImpl.java:241) ~[mysql-connector-j-8.3.0.jar:8.3.0]
	at com.mysql.cj.jdbc.NonRegisteringDriver.connect(NonRegisteringDriver.java:189) ~[mysql-connector-j-8.3.0.jar:8.3.0]
	at com.zaxxer.hikari.util.DriverDataSource.getConnection(DriverDataSource.java:138) ~[HikariCP-5.0.1.jar:na]
	at com.zaxxer.hikari.pool.PoolBase.newConnection(PoolBase.java:359) ~[HikariCP-5.0.1.jar:na]
	at com.zaxxer.hikari.pool.PoolBase.newPoolEntry(PoolBase.java:201) ~[HikariCP-5.0.1.jar:na]
	at com.zaxxer.hikari.pool.HikariPool.createPoolEntry(HikariPool.java:470) ~[HikariCP-5.0.1.jar:na]
	at com.zaxxer.hikari.pool.HikariPool.checkFailFast(HikariPool.java:561) ~[HikariCP-5.0.1.jar:na]
	at com.zaxxer.hikari.pool.HikariPool.<init>(HikariPool.java:100) ~[HikariCP-5.0.1.jar:na]
	at com.zaxxer.hikari.HikariDataSource.getConnection(HikariDataSource.java:112) ~[HikariCP-5.0.1.jar:na]
	at org.hibernate.engine.jdbc.connections.internal.DatasourceConnectionProviderImpl.getConnection(DatasourceConnectionProviderImpl.java:122) ~[hibernate-core-6.4.4.Final.jar:6.4.4.Final]
	at org.hibernate.engine.jdbc.env.internal.JdbcEnvironmentInitiator$ConnectionProviderJdbcConnectionAccess.obtainConnection(JdbcEnvironmentInitiator.java:428) ~[hibernate-core-6.4.4.Final.jar:6.4.4.Final]
	at org.hibernate.resource.transaction.backend.jdbc.internal.DdlTransactionIsolatorNonJtaImpl.getIsolatedConnection(DdlTransactionIsolatorNonJtaImpl.java:46) ~[hibernate-core-6.4.4.Final.jar:6.4.4.Final]
	at org.hibernate.resource.transaction.backend.jdbc.internal.DdlTransactionIsolatorNonJtaImpl.getIsolatedConnection(DdlTransactionIsolatorNonJtaImpl.java:39) ~[hibernate-core-6.4.4.Final.jar:6.4.4.Final]
	at org.hibernate.tool.schema.internal.exec.ImprovedExtractionContextImpl.getJdbcConnection(ImprovedExtractionContextImpl.java:63) ~[hibernate-core-6.4.4.Final.jar:6.4.4.Final]
	at org.hibernate.tool.schema.internal.exec.ImprovedExtractionContextImpl.getJdbcDatabaseMetaData(ImprovedExtractionContextImpl.java:70) ~[hibernate-core-6.4.4.Final.jar:6.4.4.Final]
	at org.hibernate.tool.schema.extract.internal.InformationExtractorJdbcDatabaseMetaDataImpl.processTableResultSet(InformationExtractorJdbcDatabaseMetaDataImpl.java:64) ~[hibernate-core-6.4.4.Final.jar:6.4.4.Final]
	at org.hibernate.tool.schema.extract.internal.AbstractInformationExtractorImpl.getTables(AbstractInformationExtractorImpl.java:570) ~[hibernate-core-6.4.4.Final.jar:6.4.4.Final]
	at org.hibernate.tool.schema.extract.internal.DatabaseInformationImpl.getTablesInformation(DatabaseInformationImpl.java:122) ~[hibernate-core-6.4.4.Final.jar:6.4.4.Final]
	at org.hibernate.tool.schema.internal.GroupedSchemaMigratorImpl.performTablesMigration(GroupedSchemaMigratorImpl.java:72) ~[hibernate-core-6.4.4.Final.jar:6.4.4.Final]
	at org.hibernate.tool.schema.internal.AbstractSchemaMigrator.performMigration(AbstractSchemaMigrator.java:232) ~[hibernate-core-6.4.4.Final.jar:6.4.4.Final]
	at org.hibernate.tool.schema.internal.AbstractSchemaMigrator.doMigration(AbstractSchemaMigrator.java:117) ~[hibernate-core-6.4.4.Final.jar:6.4.4.Final]
	at org.hibernate.tool.schema.spi.SchemaManagementToolCoordinator.performDatabaseAction(SchemaManagementToolCoordinator.java:286) ~[hibernate-core-6.4.4.Final.jar:6.4.4.Final]
	at org.hibernate.tool.schema.spi.SchemaManagementToolCoordinator.lambda$process$5(SchemaManagementToolCoordinator.java:145) ~[hibernate-core-6.4.4.Final.jar:6.4.4.Final]
	at java.base/java.util.HashMap.forEach(HashMap.java:1429) ~[na:na]
	at org.hibernate.tool.schema.spi.SchemaManagementToolCoordinator.process(SchemaManagementToolCoordinator.java:142) ~[hibernate-core-6.4.4.Final.jar:6.4.4.Final]
	at org.hibernate.boot.internal.SessionFactoryObserverForSchemaExport.sessionFactoryCreated(SessionFactoryObserverForSchemaExport.java:37) ~[hibernate-core-6.4.4.Final.jar:6.4.4.Final]
	at org.hibernate.internal.SessionFactoryObserverChain.sessionFactoryCreated(SessionFactoryObserverChain.java:35) ~[hibernate-core-6.4.4.Final.jar:6.4.4.Final]
	at org.hibernate.internal.SessionFactoryImpl.<init>(SessionFactoryImpl.java:315) ~[hibernate-core-6.4.4.Final.jar:6.4.4.Final]
	at org.hibernate.boot.internal.SessionFactoryBuilderImpl.build(SessionFactoryBuilderImpl.java:450) ~[hibernate-core-6.4.4.Final.jar:6.4.4.Final]
	at org.hibernate.jpa.boot.internal.EntityManagerFactoryBuilderImpl.build(EntityManagerFactoryBuilderImpl.java:1507) ~[hibernate-core-6.4.4.Final.jar:6.4.4.Final]
	at org.springframework.orm.jpa.vendor.SpringHibernateJpaPersistenceProvider.createContainerEntityManagerFactory(SpringHibernateJpaPersistenceProvider.java:75) ~[spring-orm-6.1.6.jar:6.1.6]
	at org.springframework.orm.jpa.LocalContainerEntityManagerFactoryBean.createNativeEntityManagerFactory(LocalContainerEntityManagerFactoryBean.java:390) ~[spring-orm-6.1.6.jar:6.1.6]
	at org.springframework.orm.jpa.AbstractEntityManagerFactoryBean.buildNativeEntityManagerFactory(AbstractEntityManagerFactoryBean.java:409) ~[spring-orm-6.1.6.jar:6.1.6]
	at org.springframework.orm.jpa.AbstractEntityManagerFactoryBean.afterPropertiesSet(AbstractEntityManagerFactoryBean.java:396) ~[spring-orm-6.1.6.jar:6.1.6]
	at org.springframework.orm.jpa.LocalContainerEntityManagerFactoryBean.afterPropertiesSet(LocalContainerEntityManagerFactoryBean.java:366) ~[spring-orm-6.1.6.jar:6.1.6]
	at org.springframework.beans.factory.support.AbstractAutowireCapableBeanFactory.invokeInitMethods(AbstractAutowireCapableBeanFactory.java:1833) ~[spring-beans-6.1.6.jar:6.1.6]
	at org.springframework.beans.factory.support.AbstractAutowireCapableBeanFactory.initializeBean(AbstractAutowireCapableBeanFactory.java:1782) ~[spring-beans-6.1.6.jar:6.1.6]
	at org.springframework.beans.factory.support.AbstractAutowireCapableBeanFactory.doCreateBean(AbstractAutowireCapableBeanFactory.java:600) ~[spring-beans-6.1.6.jar:6.1.6]
	at org.springframework.beans.factory.support.AbstractAutowireCapableBeanFactory.createBean(AbstractAutowireCapableBeanFactory.java:522) ~[spring-beans-6.1.6.jar:6.1.6]
	at org.springframework.beans.factory.support.AbstractBeanFactory.lambda$doGetBean$0(AbstractBeanFactory.java:326) ~[spring-beans-6.1.6.jar:6.1.6]
	at org.springframework.beans.factory.support.DefaultSingletonBeanRegistry.getSingleton(DefaultSingletonBeanRegistry.java:234) ~[spring-beans-6.1.6.jar:6.1.6]
	at org.springframework.beans.factory.support.AbstractBeanFactory.doGetBean(AbstractBeanFactory.java:324) ~[spring-beans-6.1.6.jar:6.1.6]
	at org.springframework.beans.factory.support.AbstractBeanFactory.getBean(AbstractBeanFactory.java:200) ~[spring-beans-6.1.6.jar:6.1.6]
	at org.springframework.context.support.AbstractApplicationContext.getBean(AbstractApplicationContext.java:1234) ~[spring-context-6.1.6.jar:6.1.6]
	at org.springframework.context.support.AbstractApplicationContext.finishBeanFactoryInitialization(AbstractApplicationContext.java:952) ~[spring-context-6.1.6.jar:6.1.6]
	at org.springframework.context.support.AbstractApplicationContext.refresh(AbstractApplicationContext.java:624) ~[spring-context-6.1.6.jar:6.1.6]
	at org.springframework.boot.web.servlet.context.ServletWebServerApplicationContext.refresh(ServletWebServerApplicationContext.java:146) ~[spring-boot-3.2.5.jar:3.2.5]
	at org.springframework.boot.SpringApplication.refresh(SpringApplication.java:754) ~[spring-boot-3.2.5.jar:3.2.5]
	at org.springframework.boot.SpringApplication.refreshContext(SpringApplication.java:456) ~[spring-boot-3.2.5.jar:3.2.5]
	at org.springframework.boot.SpringApplication.run(SpringApplication.java:334) ~[spring-boot-3.2.5.jar:3.2.5]
	at org.springframework.boot.SpringApplication.run(SpringApplication.java:1354) ~[spring-boot-3.2.5.jar:3.2.5]
	at org.springframework.boot.SpringApplication.run(SpringApplication.java:1343) ~[spring-boot-3.2.5.jar:3.2.5]
	at com.nishana.restaurantpos.RestaurantsApplication.main(RestaurantsApplication.java:10) ~[classes/:na]

[2m2024-07-15T08:23:17.843Z[0;39m [33m WARN[0;39m [35m314473[0;39m [2m---[0;39m [2m[restaurantpos] [           main][0;39m [2m[0;39m[36mo.h.engine.jdbc.spi.SqlExceptionHelper  [0;39m [2m:[0;39m SQL Error: 1698, SQLState: 28000
[2m2024-07-15T08:23:17.843Z[0;39m [31mERROR[0;39m [35m314473[0;39m [2m---[0;39m [2m[restaurantpos] [           main][0;39m [2m[0;39m[36mo.h.engine.jdbc.spi.SqlExceptionHelper  [0;39m [2m:[0;39m Access denied for user 'root'@'localhost'
[2m2024-07-15T08:23:17.849Z[0;39m [31mERROR[0;39m [35m314473[0;39m [2m---[0;39m [2m[restaurantpos] [           main][0;39m [2m[0;39m[36mj.LocalContainerEntityManagerFactoryBean[0;39m [2m:[0;39m Failed to initialize JPA EntityManagerFactory: [PersistenceUnit: default] Unable to build Hibernate SessionFactory; nested exception is org.hibernate.exception.GenericJDBCException: Unable to open JDBC Connection for DDL execution [Access denied for user 'root'@'localhost'] [n/a]
[2m2024-07-15T08:23:17.854Z[0;39m [33m WARN[0;39m [35m314473[0;39m [2m---[0;39m [2m[restaurantpos] [           main][0;39m [2m[0;39m[36mConfigServletWebServerApplicationContext[0;39m [2m:[0;39m Exception encountered during context initialization - cancelling refresh attempt: org.springframework.beans.factory.BeanCreationException: Error creating bean with name 'entityManagerFactory' defined in class path resource [org/springframework/boot/autoconfigure/orm/jpa/HibernateJpaConfiguration.class]: [PersistenceUnit: default] Unable to build Hibernate SessionFactory; nested exception is org.hibernate.exception.GenericJDBCException: Unable to open JDBC Connection for DDL execution [Access denied for user 'root'@'localhost'] [n/a]
[2m2024-07-15T08:23:17.858Z[0;39m [32m INFO[0;39m [35m314473[0;39m [2m---[0;39m [2m[restaurantpos] [           main][0;39m [2m[0;39m[36mo.apache.catalina.core.StandardService  [0;39m [2m:[0;39m Stopping service [Tomcat]
[2m2024-07-15T08:23:17.886Z[0;39m [32m INFO[0;39m [35m314473[0;39m [2m---[0;39m [2m[restaurantpos] [           main][0;39m [2m[0;39m[36m.s.b.a.l.ConditionEvaluationReportLogger[0;39m [2m:[0;39m 

Error starting ApplicationContext. To display the condition evaluation report re-run your application with 'debug' enabled.
[2m2024-07-15T08:23:17.928Z[0;39m [31mERROR[0;39m [35m314473[0;39m [2m---[0;39m [2m[restaurantpos] [           main][0;39m [2m[0;39m[36mo.s.boot.SpringApplication              [0;39m [2m:[0;39m Application run failed

org.springframework.beans.factory.BeanCreationException: Error creating bean with name 'entityManagerFactory' defined in class path resource [org/springframework/boot/autoconfigure/orm/jpa/HibernateJpaConfiguration.class]: [PersistenceUnit: default] Unable to build Hibernate SessionFactory; nested exception is org.hibernate.exception.GenericJDBCException: Unable to open JDBC Connection for DDL execution [Access denied for user 'root'@'localhost'] [n/a]
	at org.springframework.beans.factory.support.AbstractAutowireCapableBeanFactory.initializeBean(AbstractAutowireCapableBeanFactory.java:1786) ~[spring-beans-6.1.6.jar:6.1.6]
	at org.springframework.beans.factory.support.AbstractAutowireCapableBeanFactory.doCreateBean(AbstractAutowireCapableBeanFactory.java:600) ~[spring-beans-6.1.6.jar:6.1.6]
	at org.springframework.beans.factory.support.AbstractAutowireCapableBeanFactory.createBean(AbstractAutowireCapableBeanFactory.java:522) ~[spring-beans-6.1.6.jar:6.1.6]
	at org.springframework.beans.factory.support.AbstractBeanFactory.lambda$doGetBean$0(AbstractBeanFactory.java:326) ~[spring-beans-6.1.6.jar:6.1.6]
	at org.springframework.beans.factory.support.DefaultSingletonBeanRegistry.getSingleton(DefaultSingletonBeanRegistry.java:234) ~[spring-beans-6.1.6.jar:6.1.6]
	at org.springframework.beans.factory.support.AbstractBeanFactory.doGetBean(AbstractBeanFactory.java:324) ~[spring-beans-6.1.6.jar:6.1.6]
	at org.springframework.beans.factory.support.AbstractBeanFactory.getBean(AbstractBeanFactory.java:200) ~[spring-beans-6.1.6.jar:6.1.6]
	at org.springframework.context.support.AbstractApplicationContext.getBean(AbstractApplicationContext.java:1234) ~[spring-context-6.1.6.jar:6.1.6]
	at org.springframework.context.support.AbstractApplicationContext.finishBeanFactoryInitialization(AbstractApplicationContext.java:952) ~[spring-context-6.1.6.jar:6.1.6]
	at org.springframework.context.support.AbstractApplicationContext.refresh(AbstractApplicationContext.java:624) ~[spring-context-6.1.6.jar:6.1.6]
	at org.springframework.boot.web.servlet.context.ServletWebServerApplicationContext.refresh(ServletWebServerApplicationContext.java:146) ~[spring-boot-3.2.5.jar:3.2.5]
	at org.springframework.boot.SpringApplication.refresh(SpringApplication.java:754) ~[spring-boot-3.2.5.jar:3.2.5]
	at org.springframework.boot.SpringApplication.refreshContext(SpringApplication.java:456) ~[spring-boot-3.2.5.jar:3.2.5]
	at org.springframework.boot.SpringApplication.run(SpringApplication.java:334) ~[spring-boot-3.2.5.jar:3.2.5]
	at org.springframework.boot.SpringApplication.run(SpringApplication.java:1354) ~[spring-boot-3.2.5.jar:3.2.5]
	at org.springframework.boot.SpringApplication.run(SpringApplication.java:1343) ~[spring-boot-3.2.5.jar:3.2.5]
	at com.nishana.restaurantpos.RestaurantsApplication.main(RestaurantsApplication.java:10) ~[classes/:na]
Caused by: jakarta.persistence.PersistenceException: [PersistenceUnit: default] Unable to build Hibernate SessionFactory; nested exception is org.hibernate.exception.GenericJDBCException: Unable to open JDBC Connection for DDL execution [Access denied for user 'root'@'localhost'] [n/a]
	at org.springframework.orm.jpa.AbstractEntityManagerFactoryBean.buildNativeEntityManagerFactory(AbstractEntityManagerFactoryBean.java:421) ~[spring-orm-6.1.6.jar:6.1.6]
	at org.springframework.orm.jpa.AbstractEntityManagerFactoryBean.afterPropertiesSet(AbstractEntityManagerFactoryBean.java:396) ~[spring-orm-6.1.6.jar:6.1.6]
	at org.springframework.orm.jpa.LocalContainerEntityManagerFactoryBean.afterPropertiesSet(LocalContainerEntityManagerFactoryBean.java:366) ~[spring-orm-6.1.6.jar:6.1.6]
	at org.springframework.beans.factory.support.AbstractAutowireCapableBeanFactory.invokeInitMethods(AbstractAutowireCapableBeanFactory.java:1833) ~[spring-beans-6.1.6.jar:6.1.6]
	at org.springframework.beans.factory.support.AbstractAutowireCapableBeanFactory.initializeBean(AbstractAutowireCapableBeanFactory.java:1782) ~[spring-beans-6.1.6.jar:6.1.6]
	... 16 common frames omitted
Caused by: org.hibernate.exception.GenericJDBCException: Unable to open JDBC Connection for DDL execution [Access denied for user 'root'@'localhost'] [n/a]
	at org.hibernate.exception.internal.StandardSQLExceptionConverter.convert(StandardSQLExceptionConverter.java:63) ~[hibernate-core-6.4.4.Final.jar:6.4.4.Final]
	at org.hibernate.engine.jdbc.spi.SqlExceptionHelper.convert(SqlExceptionHelper.java:108) ~[hibernate-core-6.4.4.Final.jar:6.4.4.Final]
	at org.hibernate.engine.jdbc.spi.SqlExceptionHelper.convert(SqlExceptionHelper.java:94) ~[hibernate-core-6.4.4.Final.jar:6.4.4.Final]
	at org.hibernate.resource.transaction.backend.jdbc.internal.DdlTransactionIsolatorNonJtaImpl.getIsolatedConnection(DdlTransactionIsolatorNonJtaImpl.java:74) ~[hibernate-core-6.4.4.Final.jar:6.4.4.Final]
	at org.hibernate.resource.transaction.backend.jdbc.internal.DdlTransactionIsolatorNonJtaImpl.getIsolatedConnection(DdlTransactionIsolatorNonJtaImpl.java:39) ~[hibernate-core-6.4.4.Final.jar:6.4.4.Final]
	at org.hibernate.tool.schema.internal.exec.ImprovedExtractionContextImpl.getJdbcConnection(ImprovedExtractionContextImpl.java:63) ~[hibernate-core-6.4.4.Final.jar:6.4.4.Final]
	at org.hibernate.tool.schema.internal.exec.ImprovedExtractionContextImpl.getJdbcDatabaseMetaData(ImprovedExtractionContextImpl.java:70) ~[hibernate-core-6.4.4.Final.jar:6.4.4.Final]
	at org.hibernate.tool.schema.extract.internal.InformationExtractorJdbcDatabaseMetaDataImpl.processTableResultSet(InformationExtractorJdbcDatabaseMetaDataImpl.java:64) ~[hibernate-core-6.4.4.Final.jar:6.4.4.Final]
	at org.hibernate.tool.schema.extract.internal.AbstractInformationExtractorImpl.getTables(AbstractInformationExtractorImpl.java:570) ~[hibernate-core-6.4.4.Final.jar:6.4.4.Final]
	at org.hibernate.tool.schema.extract.internal.DatabaseInformationImpl.getTablesInformation(DatabaseInformationImpl.java:122) ~[hibernate-core-6.4.4.Final.jar:6.4.4.Final]
	at org.hibernate.tool.schema.internal.GroupedSchemaMigratorImpl.performTablesMigration(GroupedSchemaMigratorImpl.java:72) ~[hibernate-core-6.4.4.Final.jar:6.4.4.Final]
	at org.hibernate.tool.schema.internal.AbstractSchemaMigrator.performMigration(AbstractSchemaMigrator.java:232) ~[hibernate-core-6.4.4.Final.jar:6.4.4.Final]
	at org.hibernate.tool.schema.internal.AbstractSchemaMigrator.doMigration(AbstractSchemaMigrator.java:117) ~[hibernate-core-6.4.4.Final.jar:6.4.4.Final]
	at org.hibernate.tool.schema.spi.SchemaManagementToolCoordinator.performDatabaseAction(SchemaManagementToolCoordinator.java:286) ~[hibernate-core-6.4.4.Final.jar:6.4.4.Final]
	at org.hibernate.tool.schema.spi.SchemaManagementToolCoordinator.lambda$process$5(SchemaManagementToolCoordinator.java:145) ~[hibernate-core-6.4.4.Final.jar:6.4.4.Final]
	at java.base/java.util.HashMap.forEach(HashMap.java:1429) ~[na:na]
	at org.hibernate.tool.schema.spi.SchemaManagementToolCoordinator.process(SchemaManagementToolCoordinator.java:142) ~[hibernate-core-6.4.4.Final.jar:6.4.4.Final]
	at org.hibernate.boot.internal.SessionFactoryObserverForSchemaExport.sessionFactoryCreated(SessionFactoryObserverForSchemaExport.java:37) ~[hibernate-core-6.4.4.Final.jar:6.4.4.Final]
	at org.hibernate.internal.SessionFactoryObserverChain.sessionFactoryCreated(SessionFactoryObserverChain.java:35) ~[hibernate-core-6.4.4.Final.jar:6.4.4.Final]
	at org.hibernate.internal.SessionFactoryImpl.<init>(SessionFactoryImpl.java:315) ~[hibernate-core-6.4.4.Final.jar:6.4.4.Final]
	at org.hibernate.boot.internal.SessionFactoryBuilderImpl.build(SessionFactoryBuilderImpl.java:450) ~[hibernate-core-6.4.4.Final.jar:6.4.4.Final]
	at org.hibernate.jpa.boot.internal.EntityManagerFactoryBuilderImpl.build(EntityManagerFactoryBuilderImpl.java:1507) ~[hibernate-core-6.4.4.Final.jar:6.4.4.Final]
	at org.springframework.orm.jpa.vendor.SpringHibernateJpaPersistenceProvider.createContainerEntityManagerFactory(SpringHibernateJpaPersistenceProvider.java:75) ~[spring-orm-6.1.6.jar:6.1.6]
	at org.springframework.orm.jpa.LocalContainerEntityManagerFactoryBean.createNativeEntityManagerFactory(LocalContainerEntityManagerFactoryBean.java:390) ~[spring-orm-6.1.6.jar:6.1.6]
	at org.springframework.orm.jpa.AbstractEntityManagerFactoryBean.buildNativeEntityManagerFactory(AbstractEntityManagerFactoryBean.java:409) ~[spring-orm-6.1.6.jar:6.1.6]
	... 20 common frames omitted
Caused by: java.sql.SQLException: Access denied for user 'root'@'localhost'
	at com.mysql.cj.jdbc.exceptions.SQLError.createSQLException(SQLError.java:130) ~[mysql-connector-j-8.3.0.jar:8.3.0]
	at com.mysql.cj.jdbc.exceptions.SQLExceptionsMapping.translateException(SQLExceptionsMapping.java:122) ~[mysql-connector-j-8.3.0.jar:8.3.0]
	at com.mysql.cj.jdbc.ConnectionImpl.createNewIO(ConnectionImpl.java:815) ~[mysql-connector-j-8.3.0.jar:8.3.0]
	at com.mysql.cj.jdbc.ConnectionImpl.<init>(ConnectionImpl.java:438) ~[mysql-connector-j-8.3.0.jar:8.3.0]
	at com.mysql.cj.jdbc.ConnectionImpl.getInstance(ConnectionImpl.java:241) ~[mysql-connector-j-8.3.0.jar:8.3.0]
	at com.mysql.cj.jdbc.NonRegisteringDriver.connect(NonRegisteringDriver.java:189) ~[mysql-connector-j-8.3.0.jar:8.3.0]
	at com.zaxxer.hikari.util.DriverDataSource.getConnection(DriverDataSource.java:138) ~[HikariCP-5.0.1.jar:na]
	at com.zaxxer.hikari.pool.PoolBase.newConnection(PoolBase.java:359) ~[HikariCP-5.0.1.jar:na]
	at com.zaxxer.hikari.pool.PoolBase.newPoolEntry(PoolBase.java:201) ~[HikariCP-5.0.1.jar:na]
	at com.zaxxer.hikari.pool.HikariPool.createPoolEntry(HikariPool.java:470) ~[HikariCP-5.0.1.jar:na]
	at com.zaxxer.hikari.pool.HikariPool.checkFailFast(HikariPool.java:561) ~[HikariCP-5.0.1.jar:na]
	at com.zaxxer.hikari.pool.HikariPool.<init>(HikariPool.java:100) ~[HikariCP-5.0.1.jar:na]
	at com.zaxxer.hikari.HikariDataSource.getConnection(HikariDataSource.java:112) ~[HikariCP-5.0.1.jar:na]
	at org.hibernate.engine.jdbc.connections.internal.DatasourceConnectionProviderImpl.getConnection(DatasourceConnectionProviderImpl.java:122) ~[hibernate-core-6.4.4.Final.jar:6.4.4.Final]
	at org.hibernate.engine.jdbc.env.internal.JdbcEnvironmentInitiator$ConnectionProviderJdbcConnectionAccess.obtainConnection(JdbcEnvironmentInitiator.java:428) ~[hibernate-core-6.4.4.Final.jar:6.4.4.Final]
	at org.hibernate.resource.transaction.backend.jdbc.internal.DdlTransactionIsolatorNonJtaImpl.getIsolatedConnection(DdlTransactionIsolatorNonJtaImpl.java:46) ~[hibernate-core-6.4.4.Final.jar:6.4.4.Final]
	... 41 common frames omitted

[[1;34mINFO[m] [1m------------------------------------------------------------------------[m
[[1;34mINFO[m] [1;31mBUILD FAILURE[m
[[1;34mINFO[m] [1m------------------------------------------------------------------------[m
[[1;34mINFO[m] Total time:  8.829 s
[[1;34mINFO[m] Finished at: 2024-07-15T08:23:18Z
[[1;34mINFO[m] [1m------------------------------------------------------------------------[m
[[1;31mERROR[m] Failed to execute goal [32morg.springframework.boot:spring-boot-maven-plugin:3.2.5:run[m [1m(default-cli)[m on project [36mrestaurantpos[m: [1;31mProcess terminated with exit code: 1[m -> [1m[Help 1][m
[[1;31mERROR[m] 
[[1;31mERROR[m] To see the full stack trace of the errors, re-run Maven with the [1m-e[m switch.
[[1;31mERROR[m] Re-run Maven using the [1m-X[m switch to enable full debug logging.
[[1;31mERROR[m] 
[[1;31mERROR[m] For more information about the errors and possible solutions, please read the following articles:
[[1;31mERROR[m] [1m[Help 1][m http://cwiki.apache.org/confluence/display/MAVEN/MojoExecutionException
